{"/Users/bytedance/opencode/agent/dsh/packages/curated/curated-scripts/src/index.ts": {"path":"/Users/bytedance/opencode/agent/dsh/packages/curated/curated-scripts/src/index.ts","statementMap":{"0":{"start":{"line":329,"column":24},"end":{"line":329,"column":null}},"1":{"start":{"line":330,"column":36},"end":{"line":330,"column":null}},"2":{"start":{"line":331,"column":6},"end":{"line":333,"column":null}},"3":{"start":{"line":334,"column":6},"end":{"line":334,"column":null}},"4":{"start":{"line":335,"column":6},"end":{"line":335,"column":null}},"5":{"start":{"line":336,"column":6},"end":{"line":338,"column":null}},"6":{"start":{"line":339,"column":6},"end":{"line":341,"column":null}},"7":{"start":{"line":342,"column":6},"end":{"line":342,"column":null}},"8":{"start":{"line":343,"column":33},"end":{"line":343,"column":null}},"9":{"start":{"line":344,"column":23},"end":{"line":344,"column":null}},"10":{"start":{"line":345,"column":36},"end":{"line":345,"column":null}},"11":{"start":{"line":346,"column":38},"end":{"line":346,"column":null}},"12":{"start":{"line":347,"column":17},"end":{"line":347,"column":null}},"13":{"start":{"line":348,"column":27},"end":{"line":348,"column":null}},"14":{"start":{"line":349,"column":29},"end":{"line":349,"column":null}},"15":{"start":{"line":350,"column":41},"end":{"line":350,"column":null}},"16":{"start":{"line":351,"column":37},"end":{"line":351,"column":null}},"17":{"start":{"line":352,"column":34},"end":{"line":352,"column":null}},"18":{"start":{"line":353,"column":24},"end":{"line":366,"column":null}},"19":{"start":{"line":367,"column":32},"end":{"line":367,"column":null}},"20":{"start":{"line":368,"column":32},"end":{"line":368,"column":null}},"21":{"start":{"line":369,"column":33},"end":{"line":382,"column":null}},"22":{"start":{"line":383,"column":24},"end":{"line":396,"column":null}},"23":{"start":{"line":397,"column":35},"end":{"line":397,"column":null}},"24":{"start":{"line":398,"column":29},"end":{"line":398,"column":null}},"25":{"start":{"line":399,"column":88},"end":{"line":404,"column":null}},"26":{"start":{"line":400,"column":83},"end":{"line":403,"column":3}},"27":{"start":{"line":405,"column":32},"end":{"line":408,"column":null}},"28":{"start":{"line":409,"column":26},"end":{"line":417,"column":null}},"29":{"start":{"line":479,"column":2},"end":{"line":518,"column":null}},"30":{"start":{"line":480,"column":19},"end":{"line":480,"column":null}},"31":{"start":{"line":481,"column":17},"end":{"line":481,"column":null}},"32":{"start":{"line":482,"column":26},"end":{"line":485,"column":null}},"33":{"start":{"line":484,"column":51},"end":{"line":484,"column":83}},"34":{"start":{"line":486,"column":4},"end":{"line":488,"column":null}},"35":{"start":{"line":487,"column":6},"end":{"line":487,"column":null}},"36":{"start":{"line":489,"column":29},"end":{"line":490,"column":null}},"37":{"start":{"line":491,"column":23},"end":{"line":491,"column":null}},"38":{"start":{"line":492,"column":10},"end":{"line":492,"column":null}},"39":{"start":{"line":493,"column":19},"end":{"line":500,"column":null}},"40":{"start":{"line":502,"column":4},"end":{"line":515,"column":null}},"41":{"start":{"line":517,"column":4},"end":{"line":517,"column":null}},"42":{"start":{"line":527,"column":2},"end":{"line":548,"column":null}},"43":{"start":{"line":529,"column":6},"end":{"line":529,"column":null}},"44":{"start":{"line":529,"column":46},"end":{"line":529,"column":null}},"45":{"start":{"line":530,"column":25},"end":{"line":530,"column":null}},"46":{"start":{"line":531,"column":6},"end":{"line":531,"column":null}},"47":{"start":{"line":531,"column":36},"end":{"line":531,"column":null}},"48":{"start":{"line":532,"column":12},"end":{"line":532,"column":null}},"49":{"start":{"line":533,"column":6},"end":{"line":533,"column":null}},"50":{"start":{"line":533,"column":39},"end":{"line":533,"column":null}},"51":{"start":{"line":534,"column":25},"end":{"line":534,"column":null}},"52":{"start":{"line":535,"column":21},"end":{"line":535,"column":null}},"53":{"start":{"line":536,"column":27},"end":{"line":536,"column":null}},"54":{"start":{"line":537,"column":6},"end":{"line":539,"column":null}},"55":{"start":{"line":537,"column":68},"end":{"line":537,"column":92}},"56":{"start":{"line":538,"column":8},"end":{"line":538,"column":null}},"57":{"start":{"line":540,"column":6},"end":{"line":546,"column":null}},"58":{"start":{"line":556,"column":2},"end":{"line":556,"column":null}},"59":{"start":{"line":556,"column":49},"end":{"line":556,"column":107}},"60":{"start":{"line":564,"column":2},"end":{"line":564,"column":null}},"61":{"start":{"line":564,"column":25},"end":{"line":564,"column":null}},"62":{"start":{"line":565,"column":19},"end":{"line":565,"column":null}},"63":{"start":{"line":566,"column":2},"end":{"line":572,"column":null}},"64":{"start":{"line":567,"column":4},"end":{"line":571,"column":null}},"65":{"start":{"line":573,"column":33},"end":{"line":573,"column":null}},"66":{"start":{"line":574,"column":2},"end":{"line":580,"column":null}},"67":{"start":{"line":575,"column":4},"end":{"line":579,"column":null}},"68":{"start":{"line":581,"column":2},"end":{"line":587,"column":null}},"69":{"start":{"line":582,"column":4},"end":{"line":586,"column":null}},"70":{"start":{"line":588,"column":2},"end":{"line":594,"column":null}},"71":{"start":{"line":589,"column":4},"end":{"line":593,"column":null}},"72":{"start":{"line":595,"column":23},"end":{"line":597,"column":null}},"73":{"start":{"line":598,"column":19},"end":{"line":600,"column":null}},"74":{"start":{"line":601,"column":25},"end":{"line":601,"column":null}},"75":{"start":{"line":602,"column":2},"end":{"line":609,"column":null}},"76":{"start":{"line":603,"column":4},"end":{"line":607,"column":null}},"77":{"start":{"line":608,"column":4},"end":{"line":608,"column":null}},"78":{"start":{"line":610,"column":2},"end":{"line":616,"column":null}},"79":{"start":{"line":611,"column":4},"end":{"line":615,"column":null}},"80":{"start":{"line":617,"column":2},"end":{"line":623,"column":null}},"81":{"start":{"line":618,"column":4},"end":{"line":622,"column":null}},"82":{"start":{"line":624,"column":23},"end":{"line":624,"column":null}},"83":{"start":{"line":625,"column":2},"end":{"line":631,"column":null}},"84":{"start":{"line":626,"column":4},"end":{"line":630,"column":null}},"85":{"start":{"line":632,"column":18},"end":{"line":632,"column":null}},"86":{"start":{"line":633,"column":2},"end":{"line":639,"column":null}},"87":{"start":{"line":634,"column":4},"end":{"line":638,"column":null}},"88":{"start":{"line":640,"column":18},"end":{"line":640,"column":null}},"89":{"start":{"line":641,"column":29},"end":{"line":641,"column":null}},"90":{"start":{"line":642,"column":2},"end":{"line":648,"column":null}},"91":{"start":{"line":643,"column":4},"end":{"line":647,"column":null}},"92":{"start":{"line":649,"column":2},"end":{"line":655,"column":null}},"93":{"start":{"line":650,"column":4},"end":{"line":654,"column":null}},"94":{"start":{"line":656,"column":14},"end":{"line":656,"column":null}},"95":{"start":{"line":657,"column":17},"end":{"line":657,"column":null}},"96":{"start":{"line":658,"column":24},"end":{"line":658,"column":null}},"97":{"start":{"line":659,"column":20},"end":{"line":661,"column":null}},"98":{"start":{"line":662,"column":2},"end":{"line":670,"column":null}},"99":{"start":{"line":663,"column":4},"end":{"line":667,"column":null}},"100":{"start":{"line":669,"column":4},"end":{"line":669,"column":null}},"101":{"start":{"line":671,"column":2},"end":{"line":677,"column":null}},"102":{"start":{"line":671,"column":41},"end":{"line":671,"column":102}},"103":{"start":{"line":672,"column":4},"end":{"line":676,"column":null}},"104":{"start":{"line":678,"column":2},"end":{"line":678,"column":null}},"105":{"start":{"line":685,"column":2},"end":{"line":685,"column":null}},"106":{"start":{"line":685,"column":61},"end":{"line":685,"column":null}},"107":{"start":{"line":686,"column":19},"end":{"line":687,"column":null}},"108":{"start":{"line":687,"column":4},"end":{"line":687,"column":86}},"109":{"start":{"line":688,"column":2},"end":{"line":694,"column":null}},"110":{"start":{"line":689,"column":4},"end":{"line":693,"column":null}},"111":{"start":{"line":695,"column":2},"end":{"line":701,"column":null}},"112":{"start":{"line":696,"column":4},"end":{"line":700,"column":null}},"113":{"start":{"line":703,"column":17},"end":{"line":703,"column":null}},"114":{"start":{"line":704,"column":33},"end":{"line":704,"column":null}},"115":{"start":{"line":705,"column":2},"end":{"line":711,"column":null}},"116":{"start":{"line":706,"column":4},"end":{"line":710,"column":null}},"117":{"start":{"line":712,"column":2},"end":{"line":718,"column":null}},"118":{"start":{"line":713,"column":4},"end":{"line":717,"column":null}},"119":{"start":{"line":719,"column":2},"end":{"line":719,"column":null}},"120":{"start":{"line":723,"column":2},"end":{"line":723,"column":null}},"121":{"start":{"line":723,"column":49},"end":{"line":723,"column":null}},"122":{"start":{"line":724,"column":8},"end":{"line":724,"column":null}},"123":{"start":{"line":725,"column":2},"end":{"line":725,"column":null}},"124":{"start":{"line":729,"column":2},"end":{"line":729,"column":null}},"125":{"start":{"line":733,"column":16},"end":{"line":733,"column":null}},"126":{"start":{"line":734,"column":2},"end":{"line":738,"column":null}},"127":{"start":{"line":735,"column":25},"end":{"line":735,"column":null}},"128":{"start":{"line":736,"column":4},"end":{"line":736,"column":null}},"129":{"start":{"line":736,"column":36},"end":{"line":736,"column":null}},"130":{"start":{"line":737,"column":4},"end":{"line":737,"column":null}},"131":{"start":{"line":737,"column":50},"end":{"line":737,"column":null}},"132":{"start":{"line":739,"column":2},"end":{"line":739,"column":null}},"133":{"start":{"line":743,"column":18},"end":{"line":743,"column":null}},"134":{"start":{"line":744,"column":2},"end":{"line":744,"column":null}},"135":{"start":{"line":744,"column":29},"end":{"line":744,"column":null}},"136":{"start":{"line":745,"column":2},"end":{"line":747,"column":null}},"137":{"start":{"line":746,"column":50},"end":{"line":746,"column":124}},"138":{"start":{"line":747,"column":31},"end":{"line":747,"column":56}},"139":{"start":{"line":751,"column":22},"end":{"line":751,"column":null}},"140":{"start":{"line":752,"column":2},"end":{"line":752,"column":null}},"141":{"start":{"line":752,"column":76},"end":{"line":752,"column":104}},"142":{"start":{"line":756,"column":2},"end":{"line":756,"column":null}},"143":{"start":{"line":756,"column":109},"end":{"line":756,"column":127}},"144":{"start":{"line":760,"column":18},"end":{"line":760,"column":null}},"145":{"start":{"line":761,"column":2},"end":{"line":768,"column":null}},"146":{"start":{"line":762,"column":20},"end":{"line":762,"column":null}},"147":{"start":{"line":763,"column":18},"end":{"line":763,"column":null}},"148":{"start":{"line":764,"column":4},"end":{"line":764,"column":null}},"149":{"start":{"line":764,"column":24},"end":{"line":764,"column":null}},"150":{"start":{"line":765,"column":20},"end":{"line":765,"column":null}},"151":{"start":{"line":766,"column":23},"end":{"line":766,"column":null}},"152":{"start":{"line":767,"column":4},"end":{"line":767,"column":null}},"153":{"start":{"line":772,"column":16},"end":{"line":772,"column":null}},"154":{"start":{"line":773,"column":2},"end":{"line":773,"column":null}},"155":{"start":{"line":773,"column":22},"end":{"line":773,"column":null}},"156":{"start":{"line":774,"column":2},"end":{"line":774,"column":null}},"157":{"start":{"line":781,"column":2},"end":{"line":784,"column":null}},"158":{"start":{"line":781,"column":19},"end":{"line":781,"column":22}},"159":{"start":{"line":782,"column":24},"end":{"line":782,"column":null}},"160":{"start":{"line":783,"column":4},"end":{"line":783,"column":null}},"161":{"start":{"line":783,"column":26},"end":{"line":783,"column":null}},"162":{"start":{"line":785,"column":2},"end":{"line":785,"column":null}},"163":{"start":{"line":795,"column":2},"end":{"line":862,"column":null}},"164":{"start":{"line":796,"column":19},"end":{"line":796,"column":null}},"165":{"start":{"line":797,"column":24},"end":{"line":798,"column":null}},"166":{"start":{"line":799,"column":4},"end":{"line":820,"column":null}},"167":{"start":{"line":800,"column":21},"end":{"line":803,"column":null}},"168":{"start":{"line":804,"column":6},"end":{"line":819,"column":null}},"169":{"start":{"line":821,"column":26},"end":{"line":824,"column":null}},"170":{"start":{"line":823,"column":51},"end":{"line":823,"column":83}},"171":{"start":{"line":825,"column":21},"end":{"line":829,"column":null}},"172":{"start":{"line":830,"column":22},"end":{"line":832,"column":null}},"173":{"start":{"line":833,"column":20},"end":{"line":835,"column":null}},"174":{"start":{"line":836,"column":10},"end":{"line":836,"column":null}},"175":{"start":{"line":837,"column":19},"end":{"line":842,"column":null}},"176":{"start":{"line":844,"column":4},"end":{"line":859,"column":null}},"177":{"start":{"line":861,"column":4},"end":{"line":861,"column":null}},"178":{"start":{"line":870,"column":19},"end":{"line":870,"column":null}},"179":{"start":{"line":871,"column":25},"end":{"line":871,"column":null}},"180":{"start":{"line":872,"column":14},"end":{"line":872,"column":null}},"181":{"start":{"line":873,"column":26},"end":{"line":873,"column":null}},"182":{"start":{"line":874,"column":18},"end":{"line":874,"column":null}},"183":{"start":{"line":875,"column":2},"end":{"line":877,"column":null}},"184":{"start":{"line":875,"column":56},"end":{"line":875,"column":105}},"185":{"start":{"line":876,"column":4},"end":{"line":876,"column":null}},"186":{"start":{"line":878,"column":21},"end":{"line":880,"column":null}},"187":{"start":{"line":879,"column":25},"end":{"line":879,"column":59}},"188":{"start":{"line":880,"column":22},"end":{"line":880,"column":70}},"189":{"start":{"line":881,"column":45},"end":{"line":881,"column":null}},"190":{"start":{"line":882,"column":33},"end":{"line":882,"column":null}},"191":{"start":{"line":883,"column":2},"end":{"line":913,"column":null}},"192":{"start":{"line":884,"column":22},"end":{"line":884,"column":null}},"193":{"start":{"line":885,"column":23},"end":{"line":887,"column":null}},"194":{"start":{"line":888,"column":4},"end":{"line":895,"column":null}},"195":{"start":{"line":889,"column":6},"end":{"line":893,"column":null}},"196":{"start":{"line":894,"column":6},"end":{"line":894,"column":null}},"197":{"start":{"line":896,"column":27},"end":{"line":896,"column":null}},"198":{"start":{"line":897,"column":25},"end":{"line":897,"column":null}},"199":{"start":{"line":898,"column":22},"end":{"line":898,"column":null}},"200":{"start":{"line":899,"column":19},"end":{"line":899,"column":null}},"201":{"start":{"line":900,"column":26},"end":{"line":900,"column":null}},"202":{"start":{"line":901,"column":22},"end":{"line":901,"column":null}},"203":{"start":{"line":902,"column":4},"end":{"line":909,"column":null}},"204":{"start":{"line":903,"column":6},"end":{"line":907,"column":null}},"205":{"start":{"line":908,"column":6},"end":{"line":908,"column":null}},"206":{"start":{"line":910,"column":25},"end":{"line":910,"column":null}},"207":{"start":{"line":911,"column":4},"end":{"line":911,"column":null}},"208":{"start":{"line":912,"column":4},"end":{"line":912,"column":null}},"209":{"start":{"line":912,"column":33},"end":{"line":912,"column":null}},"210":{"start":{"line":914,"column":8},"end":{"line":914,"column":null}},"211":{"start":{"line":915,"column":2},"end":{"line":915,"column":null}},"212":{"start":{"line":915,"column":32},"end":{"line":915,"column":null}},"213":{"start":{"line":916,"column":2},"end":{"line":916,"column":null}},"214":{"start":{"line":926,"column":15},"end":{"line":926,"column":null}},"215":{"start":{"line":927,"column":2},"end":{"line":971,"column":null}},"216":{"start":{"line":928,"column":22},"end":{"line":928,"column":null}},"217":{"start":{"line":929,"column":19},"end":{"line":929,"column":null}},"218":{"start":{"line":930,"column":24},"end":{"line":930,"column":null}},"219":{"start":{"line":931,"column":24},"end":{"line":932,"column":null}},"220":{"start":{"line":933,"column":4},"end":{"line":938,"column":null}},"221":{"start":{"line":934,"column":6},"end":{"line":937,"column":null}},"222":{"start":{"line":939,"column":4},"end":{"line":942,"column":null}},"223":{"start":{"line":940,"column":23},"end":{"line":940,"column":null}},"224":{"start":{"line":941,"column":6},"end":{"line":941,"column":null}},"225":{"start":{"line":941,"column":21},"end":{"line":941,"column":null}},"226":{"start":{"line":943,"column":69},"end":{"line":943,"column":null}},"227":{"start":{"line":944,"column":21},"end":{"line":944,"column":null}},"228":{"start":{"line":945,"column":4},"end":{"line":959,"column":null}},"229":{"start":{"line":946,"column":28},"end":{"line":949,"column":null}},"230":{"start":{"line":948,"column":53},"end":{"line":948,"column":85}},"231":{"start":{"line":950,"column":24},"end":{"line":957,"column":null}},"232":{"start":{"line":958,"column":6},"end":{"line":958,"column":null}},"233":{"start":{"line":958,"column":22},"end":{"line":958,"column":null}},"234":{"start":{"line":960,"column":19},"end":{"line":961,"column":null}},"235":{"start":{"line":962,"column":19},"end":{"line":967,"column":null}},"236":{"start":{"line":968,"column":4},"end":{"line":968,"column":null}},"237":{"start":{"line":970,"column":4},"end":{"line":970,"column":null}},"238":{"start":{"line":980,"column":2},"end":{"line":988,"column":null}},"239":{"start":{"line":981,"column":19},"end":{"line":981,"column":null}},"240":{"start":{"line":982,"column":20},"end":{"line":982,"column":null}},"241":{"start":{"line":983,"column":4},"end":{"line":983,"column":null}},"242":{"start":{"line":983,"column":45},"end":{"line":983,"column":null}},"243":{"start":{"line":984,"column":23},"end":{"line":984,"column":null}},"244":{"start":{"line":985,"column":4},"end":{"line":985,"column":null}},"245":{"start":{"line":987,"column":4},"end":{"line":987,"column":null}},"246":{"start":{"line":1003,"column":2},"end":{"line":1022,"column":null}},"247":{"start":{"line":1004,"column":20},"end":{"line":1004,"column":null}},"248":{"start":{"line":1005,"column":17},"end":{"line":1007,"column":null}},"249":{"start":{"line":1008,"column":10},"end":{"line":1012,"column":null}},"250":{"start":{"line":1013,"column":23},"end":{"line":1013,"column":null}},"251":{"start":{"line":1014,"column":21},"end":{"line":1014,"column":null}},"252":{"start":{"line":1015,"column":4},"end":{"line":1021,"column":null}},"253":{"start":{"line":1026,"column":8},"end":{"line":1026,"column":null}},"254":{"start":{"line":1027,"column":2},"end":{"line":1044,"column":null}},"255":{"start":{"line":1028,"column":20},"end":{"line":1028,"column":null}},"256":{"start":{"line":1029,"column":4},"end":{"line":1038,"column":null}},"257":{"start":{"line":1030,"column":6},"end":{"line":1030,"column":null}},"258":{"start":{"line":1032,"column":6},"end":{"line":1037,"column":null}},"259":{"start":{"line":1039,"column":4},"end":{"line":1043,"column":null}},"260":{"start":{"line":1048,"column":2},"end":{"line":1050,"column":null}},"261":{"start":{"line":1049,"column":4},"end":{"line":1049,"column":null}},"262":{"start":{"line":1051,"column":2},"end":{"line":1053,"column":null}},"263":{"start":{"line":1052,"column":4},"end":{"line":1052,"column":null}},"264":{"start":{"line":1054,"column":2},"end":{"line":1056,"column":null}},"265":{"start":{"line":1055,"column":4},"end":{"line":1055,"column":null}},"266":{"start":{"line":1060,"column":2},"end":{"line":1060,"column":null}},"267":{"start":{"line":1064,"column":2},"end":{"line":1072,"column":null}},"268":{"start":{"line":1065,"column":10},"end":{"line":1065,"column":null}},"269":{"start":{"line":1066,"column":4},"end":{"line":1066,"column":null}},"270":{"start":{"line":1066,"column":28},"end":{"line":1066,"column":null}},"271":{"start":{"line":1067,"column":4},"end":{"line":1071,"column":null}},"272":{"start":{"line":1068,"column":6},"end":{"line":1068,"column":null}},"273":{"start":{"line":1073,"column":2},"end":{"line":1073,"column":null}},"274":{"start":{"line":1081,"column":19},"end":{"line":1081,"column":null}},"275":{"start":{"line":1082,"column":2},"end":{"line":1084,"column":null}},"276":{"start":{"line":1083,"column":4},"end":{"line":1083,"column":null}},"277":{"start":{"line":1085,"column":14},"end":{"line":1085,"column":null}},"278":{"start":{"line":1086,"column":17},"end":{"line":1086,"column":null}},"279":{"start":{"line":1087,"column":2},"end":{"line":1089,"column":null}},"280":{"start":{"line":1088,"column":4},"end":{"line":1088,"column":null}},"281":{"start":{"line":1090,"column":8},"end":{"line":1090,"column":null}},"282":{"start":{"line":1091,"column":2},"end":{"line":1093,"column":null}},"283":{"start":{"line":1092,"column":4},"end":{"line":1092,"column":null}},"284":{"start":{"line":1094,"column":2},"end":{"line":1094,"column":null}},"285":{"start":{"line":1095,"column":15},"end":{"line":1095,"column":null}},"286":{"start":{"line":1096,"column":2},"end":{"line":1098,"column":null}},"287":{"start":{"line":1097,"column":4},"end":{"line":1097,"column":null}},"288":{"start":{"line":1099,"column":8},"end":{"line":1099,"column":null}},"289":{"start":{"line":1100,"column":2},"end":{"line":1102,"column":null}},"290":{"start":{"line":1101,"column":4},"end":{"line":1101,"column":null}},"291":{"start":{"line":1103,"column":2},"end":{"line":1109,"column":null}},"292":{"start":{"line":1104,"column":4},"end":{"line":1104,"column":null}},"293":{"start":{"line":1106,"column":4},"end":{"line":1108,"column":null}},"294":{"start":{"line":1118,"column":19},"end":{"line":1118,"column":null}},"295":{"start":{"line":1119,"column":17},"end":{"line":1119,"column":null}},"296":{"start":{"line":1120,"column":14},"end":{"line":1120,"column":null}},"297":{"start":{"line":1121,"column":26},"end":{"line":1121,"column":null}},"298":{"start":{"line":1122,"column":27},"end":{"line":1122,"column":null}},"299":{"start":{"line":1123,"column":2},"end":{"line":1125,"column":null}},"300":{"start":{"line":1123,"column":87},"end":{"line":1123,"column":111}},"301":{"start":{"line":1124,"column":4},"end":{"line":1124,"column":null}},"302":{"start":{"line":1126,"column":21},"end":{"line":1126,"column":null}},"303":{"start":{"line":1126,"column":78},"end":{"line":1126,"column":116}},"304":{"start":{"line":1127,"column":2},"end":{"line":1136,"column":null}},"305":{"start":{"line":1128,"column":22},"end":{"line":1128,"column":null}},"306":{"start":{"line":1129,"column":4},"end":{"line":1129,"column":null}},"307":{"start":{"line":1129,"column":33},"end":{"line":1129,"column":null}},"308":{"start":{"line":1130,"column":4},"end":{"line":1130,"column":null}},"309":{"start":{"line":1131,"column":21},"end":{"line":1131,"column":null}},"310":{"start":{"line":1132,"column":4},"end":{"line":1134,"column":null}},"311":{"start":{"line":1133,"column":6},"end":{"line":1133,"column":null}},"312":{"start":{"line":1135,"column":4},"end":{"line":1135,"column":null}},"313":{"start":{"line":1144,"column":44},"end":{"line":1144,"column":null}},"314":{"start":{"line":1145,"column":33},"end":{"line":1145,"column":null}},"315":{"start":{"line":1146,"column":19},"end":{"line":1146,"column":null}},"316":{"start":{"line":1147,"column":19},"end":{"line":1147,"column":null}},"317":{"start":{"line":1149,"column":2},"end":{"line":1156,"column":null}},"318":{"start":{"line":1150,"column":4},"end":{"line":1154,"column":null}},"319":{"start":{"line":1155,"column":4},"end":{"line":1155,"column":null}},"320":{"start":{"line":1158,"column":2},"end":{"line":1158,"column":null}},"321":{"start":{"line":1159,"column":18},"end":{"line":1159,"column":null}},"322":{"start":{"line":1160,"column":23},"end":{"line":1160,"column":null}},"323":{"start":{"line":1161,"column":2},"end":{"line":1170,"column":null}},"324":{"start":{"line":1162,"column":4},"end":{"line":1162,"column":null}},"325":{"start":{"line":1163,"column":4},"end":{"line":1168,"column":null}},"326":{"start":{"line":1167,"column":41},"end":{"line":1167,"column":56}},"327":{"start":{"line":1169,"column":4},"end":{"line":1169,"column":null}},"328":{"start":{"line":1172,"column":2},"end":{"line":1172,"column":null}},"329":{"start":{"line":1173,"column":2},"end":{"line":1217,"column":null}},"330":{"start":{"line":1174,"column":22},"end":{"line":1174,"column":null}},"331":{"start":{"line":1175,"column":4},"end":{"line":1185,"column":null}},"332":{"start":{"line":1176,"column":25},"end":{"line":1176,"column":null}},"333":{"start":{"line":1177,"column":6},"end":{"line":1177,"column":null}},"334":{"start":{"line":1178,"column":6},"end":{"line":1183,"column":null}},"335":{"start":{"line":1184,"column":6},"end":{"line":1184,"column":null}},"336":{"start":{"line":1186,"column":19},"end":{"line":1189,"column":null}},"337":{"start":{"line":1190,"column":4},"end":{"line":1204,"column":null}},"338":{"start":{"line":1191,"column":25},"end":{"line":1195,"column":null}},"339":{"start":{"line":1196,"column":6},"end":{"line":1196,"column":null}},"340":{"start":{"line":1197,"column":6},"end":{"line":1202,"column":null}},"341":{"start":{"line":1200,"column":77},"end":{"line":1200,"column":92}},"342":{"start":{"line":1203,"column":6},"end":{"line":1203,"column":null}},"343":{"start":{"line":1205,"column":23},"end":{"line":1205,"column":null}},"344":{"start":{"line":1206,"column":24},"end":{"line":1206,"column":null}},"345":{"start":{"line":1207,"column":4},"end":{"line":1207,"column":null}},"346":{"start":{"line":1208,"column":27},"end":{"line":1210,"column":null}},"347":{"start":{"line":1211,"column":4},"end":{"line":1215,"column":null}},"348":{"start":{"line":1212,"column":6},"end":{"line":1212,"column":null}},"349":{"start":{"line":1213,"column":6},"end":{"line":1213,"column":null}},"350":{"start":{"line":1214,"column":6},"end":{"line":1214,"column":null}},"351":{"start":{"line":1216,"column":4},"end":{"line":1216,"column":null}},"352":{"start":{"line":1216,"column":34},"end":{"line":1216,"column":null}},"353":{"start":{"line":1218,"column":2},"end":{"line":1218,"column":null}},"354":{"start":{"line":1225,"column":20},"end":{"line":1225,"column":null}},"355":{"start":{"line":1226,"column":2},"end":{"line":1226,"column":null}},"356":{"start":{"line":1226,"column":22},"end":{"line":1226,"column":null}},"357":{"start":{"line":1228,"column":2},"end":{"line":1239,"column":null}},"358":{"start":{"line":1229,"column":4},"end":{"line":1236,"column":null}},"359":{"start":{"line":1232,"column":8},"end":{"line":1234,"column":null}},"360":{"start":{"line":1233,"column":10},"end":{"line":1233,"column":null}},"361":{"start":{"line":1238,"column":4},"end":{"line":1238,"column":null}},"362":{"start":{"line":1238,"column":29},"end":{"line":1238,"column":null}},"363":{"start":{"line":1243,"column":20},"end":{"line":1243,"column":null}},"364":{"start":{"line":1244,"column":2},"end":{"line":1244,"column":null}},"365":{"start":{"line":1244,"column":22},"end":{"line":1244,"column":null}},"366":{"start":{"line":1246,"column":2},"end":{"line":1257,"column":null}},"367":{"start":{"line":1247,"column":4},"end":{"line":1254,"column":null}},"368":{"start":{"line":1248,"column":27},"end":{"line":1248,"column":31}},"369":{"start":{"line":1250,"column":8},"end":{"line":1252,"column":null}},"370":{"start":{"line":1251,"column":10},"end":{"line":1251,"column":null}},"371":{"start":{"line":1256,"column":4},"end":{"line":1256,"column":null}},"372":{"start":{"line":1256,"column":29},"end":{"line":1256,"column":null}},"373":{"start":{"line":1267,"column":23},"end":{"line":1271,"column":null}},"374":{"start":{"line":1272,"column":2},"end":{"line":1277,"column":null}},"375":{"start":{"line":1281,"column":2},"end":{"line":1285,"column":null}},"376":{"start":{"line":1289,"column":2},"end":{"line":1293,"column":null}},"377":{"start":{"line":1297,"column":33},"end":{"line":1297,"column":null}},"378":{"start":{"line":1298,"column":2},"end":{"line":1305,"column":null}},"379":{"start":{"line":1299,"column":4},"end":{"line":1303,"column":null}},"380":{"start":{"line":1304,"column":4},"end":{"line":1304,"column":null}},"381":{"start":{"line":1306,"column":2},"end":{"line":1328,"column":null}},"382":{"start":{"line":1307,"column":4},"end":{"line":1313,"column":null}},"383":{"start":{"line":1308,"column":6},"end":{"line":1312,"column":null}},"384":{"start":{"line":1314,"column":4},"end":{"line":1320,"column":null}},"385":{"start":{"line":1315,"column":6},"end":{"line":1319,"column":null}},"386":{"start":{"line":1321,"column":4},"end":{"line":1327,"column":null}},"387":{"start":{"line":1322,"column":6},"end":{"line":1326,"column":null}},"388":{"start":{"line":1329,"column":2},"end":{"line":1329,"column":null}},"389":{"start":{"line":1329,"column":57},"end":{"line":1329,"column":null}},"390":{"start":{"line":1330,"column":2},"end":{"line":1330,"column":null}},"391":{"start":{"line":1334,"column":2},"end":{"line":1340,"column":null}},"392":{"start":{"line":1335,"column":4},"end":{"line":1339,"column":null}},"393":{"start":{"line":1341,"column":2},"end":{"line":1347,"column":null}},"394":{"start":{"line":1342,"column":4},"end":{"line":1346,"column":null}},"395":{"start":{"line":1348,"column":2},"end":{"line":1348,"column":null}},"396":{"start":{"line":1356,"column":16},"end":{"line":1358,"column":null}},"397":{"start":{"line":1359,"column":2},"end":{"line":1365,"column":null}},"398":{"start":{"line":1369,"column":18},"end":{"line":1369,"column":null}},"399":{"start":{"line":1370,"column":2},"end":{"line":1370,"column":null}},"400":{"start":{"line":1380,"column":2},"end":{"line":1388,"column":null}},"401":{"start":{"line":1392,"column":17},"end":{"line":1392,"column":null}},"402":{"start":{"line":1393,"column":2},"end":{"line":1393,"column":null}},"403":{"start":{"line":1393,"column":12},"end":{"line":1393,"column":null}},"404":{"start":{"line":1394,"column":2},"end":{"line":1394,"column":null}},"405":{"start":{"line":1394,"column":17},"end":{"line":1394,"column":null}},"406":{"start":{"line":1395,"column":2},"end":{"line":1400,"column":null}},"407":{"start":{"line":1404,"column":2},"end":{"line":1404,"column":null}},"408":{"start":{"line":1408,"column":17},"end":{"line":1408,"column":null}},"409":{"start":{"line":1409,"column":2},"end":{"line":1409,"column":null}},"410":{"start":{"line":1409,"column":25},"end":{"line":1409,"column":null}},"411":{"start":{"line":1410,"column":23},"end":{"line":1410,"column":null}},"412":{"start":{"line":1411,"column":27},"end":{"line":1411,"column":null}},"413":{"start":{"line":1412,"column":2},"end":{"line":1414,"column":null}},"414":{"start":{"line":1413,"column":4},"end":{"line":1413,"column":null}},"415":{"start":{"line":1415,"column":28},"end":{"line":1415,"column":null}},"416":{"start":{"line":1416,"column":18},"end":{"line":1428,"column":null}},"417":{"start":{"line":1429,"column":2},"end":{"line":1429,"column":null}},"418":{"start":{"line":1430,"column":2},"end":{"line":1430,"column":null}},"419":{"start":{"line":1434,"column":2},"end":{"line":1434,"column":null}},"420":{"start":{"line":1434,"column":74},"end":{"line":1434,"column":null}},"421":{"start":{"line":1435,"column":2},"end":{"line":1435,"column":null}},"422":{"start":{"line":1443,"column":19},"end":{"line":1443,"column":null}},"423":{"start":{"line":1444,"column":17},"end":{"line":1444,"column":null}},"424":{"start":{"line":1445,"column":2},"end":{"line":1445,"column":null}},"425":{"start":{"line":1445,"column":36},"end":{"line":1445,"column":null}},"426":{"start":{"line":1446,"column":19},"end":{"line":1446,"column":null}},"427":{"start":{"line":1447,"column":8},"end":{"line":1447,"column":null}},"428":{"start":{"line":1448,"column":2},"end":{"line":1448,"column":null}},"429":{"start":{"line":1448,"column":31},"end":{"line":1448,"column":null}},"430":{"start":{"line":1449,"column":2},"end":{"line":1449,"column":null}},"431":{"start":{"line":1449,"column":38},"end":{"line":1449,"column":null}},"432":{"start":{"line":1450,"column":2},"end":{"line":1450,"column":null}},"433":{"start":{"line":1451,"column":2},"end":{"line":1478,"column":null}},"434":{"start":{"line":1452,"column":4},"end":{"line":1452,"column":null}},"435":{"start":{"line":1452,"column":34},"end":{"line":1452,"column":null}},"436":{"start":{"line":1453,"column":23},"end":{"line":1453,"column":null}},"437":{"start":{"line":1454,"column":4},"end":{"line":1454,"column":null}},"438":{"start":{"line":1454,"column":36},"end":{"line":1454,"column":null}},"439":{"start":{"line":1455,"column":4},"end":{"line":1472,"column":null}},"440":{"start":{"line":1456,"column":24},"end":{"line":1456,"column":null}},"441":{"start":{"line":1457,"column":6},"end":{"line":1457,"column":null}},"442":{"start":{"line":1458,"column":6},"end":{"line":1458,"column":null}},"443":{"start":{"line":1459,"column":21},"end":{"line":1459,"column":null}},"444":{"start":{"line":1460,"column":6},"end":{"line":1462,"column":null}},"445":{"start":{"line":1461,"column":8},"end":{"line":1461,"column":null}},"446":{"start":{"line":1463,"column":6},"end":{"line":1463,"column":null}},"447":{"start":{"line":1464,"column":6},"end":{"line":1464,"column":null}},"448":{"start":{"line":1465,"column":28},"end":{"line":1468,"column":null}},"449":{"start":{"line":1469,"column":6},"end":{"line":1471,"column":null}},"450":{"start":{"line":1470,"column":8},"end":{"line":1470,"column":null}},"451":{"start":{"line":1474,"column":20},"end":{"line":1474,"column":null}},"452":{"start":{"line":1475,"column":4},"end":{"line":1477,"column":null}},"453":{"start":{"line":1475,"column":58},"end":{"line":1475,"column":107}},"454":{"start":{"line":1476,"column":6},"end":{"line":1476,"column":null}},"455":{"start":{"line":1479,"column":2},"end":{"line":1479,"column":null}},"456":{"start":{"line":1483,"column":20},"end":{"line":1483,"column":null}},"457":{"start":{"line":1484,"column":20},"end":{"line":1484,"column":null}},"458":{"start":{"line":1485,"column":2},"end":{"line":1485,"column":null}},"459":{"start":{"line":1485,"column":43},"end":{"line":1485,"column":null}},"460":{"start":{"line":1486,"column":2},"end":{"line":1490,"column":null}},"461":{"start":{"line":1494,"column":22},"end":{"line":1494,"column":null}},"462":{"start":{"line":1495,"column":23},"end":{"line":1495,"column":null}},"463":{"start":{"line":1496,"column":2},"end":{"line":1498,"column":null}},"464":{"start":{"line":1497,"column":4},"end":{"line":1497,"column":null}},"465":{"start":{"line":1499,"column":15},"end":{"line":1499,"column":null}},"466":{"start":{"line":1500,"column":2},"end":{"line":1503,"column":null}},"467":{"start":{"line":1502,"column":4},"end":{"line":1502,"column":null}},"468":{"start":{"line":1504,"column":2},"end":{"line":1510,"column":null}},"469":{"start":{"line":1514,"column":20},"end":{"line":1514,"column":null}},"470":{"start":{"line":1515,"column":2},"end":{"line":1515,"column":null}},"471":{"start":{"line":1519,"column":34},"end":{"line":1519,"column":null}},"472":{"start":{"line":1520,"column":2},"end":{"line":1520,"column":null}},"473":{"start":{"line":1520,"column":104},"end":{"line":1520,"column":null}},"474":{"start":{"line":1521,"column":2},"end":{"line":1523,"column":null}},"475":{"start":{"line":1522,"column":4},"end":{"line":1522,"column":null}},"476":{"start":{"line":1524,"column":2},"end":{"line":1526,"column":null}},"477":{"start":{"line":1525,"column":4},"end":{"line":1525,"column":null}},"478":{"start":{"line":1527,"column":23},"end":{"line":1527,"column":null}},"479":{"start":{"line":1528,"column":24},"end":{"line":1528,"column":null}},"480":{"start":{"line":1529,"column":2},"end":{"line":1531,"column":null}},"481":{"start":{"line":1530,"column":4},"end":{"line":1530,"column":null}},"482":{"start":{"line":1532,"column":21},"end":{"line":1532,"column":null}},"483":{"start":{"line":1533,"column":2},"end":{"line":1533,"column":null}},"484":{"start":{"line":1533,"column":35},"end":{"line":1533,"column":null}},"485":{"start":{"line":1534,"column":2},"end":{"line":1536,"column":null}},"486":{"start":{"line":1535,"column":4},"end":{"line":1535,"column":null}},"487":{"start":{"line":1535,"column":19},"end":{"line":1535,"column":null}},"488":{"start":{"line":1537,"column":2},"end":{"line":1546,"column":null}},"489":{"start":{"line":1538,"column":25},"end":{"line":1538,"column":null}},"490":{"start":{"line":1538,"column":53},"end":{"line":1538,"column":74}},"491":{"start":{"line":1539,"column":26},"end":{"line":1539,"column":null}},"492":{"start":{"line":1539,"column":55},"end":{"line":1539,"column":76}},"493":{"start":{"line":1540,"column":4},"end":{"line":1542,"column":null}},"494":{"start":{"line":1541,"column":6},"end":{"line":1541,"column":null}},"495":{"start":{"line":1543,"column":4},"end":{"line":1545,"column":null}},"496":{"start":{"line":1543,"column":56},"end":{"line":1543,"column":69}},"497":{"start":{"line":1544,"column":6},"end":{"line":1544,"column":null}},"498":{"start":{"line":1550,"column":15},"end":{"line":1550,"column":null}},"499":{"start":{"line":1550,"column":31},"end":{"line":1550,"column":74}},"500":{"start":{"line":1551,"column":2},"end":{"line":1551,"column":null}},"501":{"start":{"line":1551,"column":42},"end":{"line":1551,"column":null}},"502":{"start":{"line":1552,"column":2},"end":{"line":1552,"column":null}},"503":{"start":{"line":1556,"column":18},"end":{"line":1556,"column":null}},"504":{"start":{"line":1557,"column":15},"end":{"line":1557,"column":null}},"505":{"start":{"line":1558,"column":2},"end":{"line":1560,"column":null}},"506":{"start":{"line":1559,"column":4},"end":{"line":1559,"column":null}},"507":{"start":{"line":1561,"column":2},"end":{"line":1569,"column":null}},"508":{"start":{"line":1568,"column":35},"end":{"line":1568,"column":91}},"509":{"start":{"line":1573,"column":14},"end":{"line":1573,"column":null}},"510":{"start":{"line":1574,"column":18},"end":{"line":1574,"column":null}},"511":{"start":{"line":1575,"column":2},"end":{"line":1575,"column":null}},"512":{"start":{"line":1575,"column":59},"end":{"line":1575,"column":null}},"513":{"start":{"line":1576,"column":2},"end":{"line":1595,"column":null}},"514":{"start":{"line":1599,"column":19},"end":{"line":1599,"column":null}},"515":{"start":{"line":1600,"column":20},"end":{"line":1600,"column":null}},"516":{"start":{"line":1601,"column":33},"end":{"line":1602,"column":null}},"517":{"start":{"line":1602,"column":27},"end":{"line":1602,"column":62}},"518":{"start":{"line":1603,"column":26},"end":{"line":1603,"column":null}},"519":{"start":{"line":1604,"column":25},"end":{"line":1608,"column":null}},"520":{"start":{"line":1609,"column":17},"end":{"line":1609,"column":null}},"521":{"start":{"line":1610,"column":2},"end":{"line":1624,"column":null}},"522":{"start":{"line":1628,"column":2},"end":{"line":1628,"column":null}},"523":{"start":{"line":1628,"column":39},"end":{"line":1628,"column":null}},"524":{"start":{"line":1629,"column":22},"end":{"line":1629,"column":null}},"525":{"start":{"line":1629,"column":57},"end":{"line":1629,"column":68}},"526":{"start":{"line":1630,"column":23},"end":{"line":1630,"column":null}},"527":{"start":{"line":1630,"column":50},"end":{"line":1630,"column":62}},"528":{"start":{"line":1631,"column":30},"end":{"line":1633,"column":null}},"529":{"start":{"line":1633,"column":41},"end":{"line":1633,"column":52}},"530":{"start":{"line":1634,"column":29},"end":{"line":1634,"column":null}},"531":{"start":{"line":1634,"column":64},"end":{"line":1634,"column":85}},"532":{"start":{"line":1635,"column":30},"end":{"line":1635,"column":null}},"533":{"start":{"line":1635,"column":59},"end":{"line":1635,"column":82}},"534":{"start":{"line":1636,"column":24},"end":{"line":1644,"column":null}},"535":{"start":{"line":1645,"column":2},"end":{"line":1663,"column":null}},"536":{"start":{"line":1654,"column":48},"end":{"line":1654,"column":66}},"537":{"start":{"line":1655,"column":48},"end":{"line":1655,"column":69}},"538":{"start":{"line":1657,"column":54},"end":{"line":1657,"column":70}},"539":{"start":{"line":1658,"column":60},"end":{"line":1658,"column":95}},"540":{"start":{"line":1659,"column":49},"end":{"line":1659,"column":60}},"541":{"start":{"line":1670,"column":43},"end":{"line":1670,"column":null}},"542":{"start":{"line":1671,"column":39},"end":{"line":1671,"column":null}},"543":{"start":{"line":1671,"column":70},"end":{"line":1671,"column":93}},"544":{"start":{"line":1672,"column":38},"end":{"line":1672,"column":null}},"545":{"start":{"line":1672,"column":78},"end":{"line":1672,"column":99}},"546":{"start":{"line":1673,"column":31},"end":{"line":1673,"column":null}},"547":{"start":{"line":1673,"column":59},"end":{"line":1673,"column":71}},"548":{"start":{"line":1674,"column":32},"end":{"line":1674,"column":null}},"549":{"start":{"line":1674,"column":61},"end":{"line":1674,"column":73}},"550":{"start":{"line":1675,"column":38},"end":{"line":1677,"column":null}},"551":{"start":{"line":1677,"column":52},"end":{"line":1677,"column":63}},"552":{"start":{"line":1678,"column":39},"end":{"line":1680,"column":null}},"553":{"start":{"line":1680,"column":53},"end":{"line":1680,"column":64}},"554":{"start":{"line":1681,"column":2},"end":{"line":1683,"column":null}},"555":{"start":{"line":1682,"column":4},"end":{"line":1682,"column":null}},"556":{"start":{"line":1684,"column":2},"end":{"line":1686,"column":null}},"557":{"start":{"line":1684,"column":36},"end":{"line":1684,"column":54}},"558":{"start":{"line":1685,"column":4},"end":{"line":1685,"column":null}},"559":{"start":{"line":1687,"column":2},"end":{"line":1689,"column":null}},"560":{"start":{"line":1687,"column":35},"end":{"line":1687,"column":56}},"561":{"start":{"line":1688,"column":4},"end":{"line":1688,"column":null}},"562":{"start":{"line":1690,"column":2},"end":{"line":1692,"column":null}},"563":{"start":{"line":1691,"column":4},"end":{"line":1691,"column":null}},"564":{"start":{"line":1693,"column":2},"end":{"line":1695,"column":null}},"565":{"start":{"line":1694,"column":4},"end":{"line":1694,"column":null}},"566":{"start":{"line":1696,"column":2},"end":{"line":1696,"column":null}},"567":{"start":{"line":1700,"column":42},"end":{"line":1700,"column":null}},"568":{"start":{"line":1701,"column":2},"end":{"line":1706,"column":null}},"569":{"start":{"line":1702,"column":40},"end":{"line":1702,"column":56}},"570":{"start":{"line":1703,"column":41},"end":{"line":1703,"column":57}},"571":{"start":{"line":1705,"column":4},"end":{"line":1705,"column":null}},"572":{"start":{"line":1707,"column":2},"end":{"line":1712,"column":null}},"573":{"start":{"line":1708,"column":34},"end":{"line":1708,"column":69}},"574":{"start":{"line":1709,"column":35},"end":{"line":1709,"column":70}},"575":{"start":{"line":1711,"column":4},"end":{"line":1711,"column":null}},"576":{"start":{"line":1713,"column":30},"end":{"line":1713,"column":null}},"577":{"start":{"line":1713,"column":69},"end":{"line":1713,"column":80}},"578":{"start":{"line":1714,"column":31},"end":{"line":1714,"column":null}},"579":{"start":{"line":1714,"column":71},"end":{"line":1714,"column":82}},"580":{"start":{"line":1715,"column":2},"end":{"line":1723,"column":null}},"581":{"start":{"line":1716,"column":34},"end":{"line":1716,"column":45}},"582":{"start":{"line":1717,"column":35},"end":{"line":1717,"column":46}},"583":{"start":{"line":1719,"column":4},"end":{"line":1722,"column":null}},"584":{"start":{"line":1724,"column":2},"end":{"line":1724,"column":null}},"585":{"start":{"line":1728,"column":17},"end":{"line":1728,"column":null}},"586":{"start":{"line":1729,"column":2},"end":{"line":1729,"column":null}},"587":{"start":{"line":1729,"column":12},"end":{"line":1729,"column":null}},"588":{"start":{"line":1730,"column":2},"end":{"line":1736,"column":null}},"589":{"start":{"line":1731,"column":4},"end":{"line":1735,"column":null}},"590":{"start":{"line":1737,"column":2},"end":{"line":1743,"column":null}},"591":{"start":{"line":1738,"column":4},"end":{"line":1742,"column":null}},"592":{"start":{"line":1744,"column":19},"end":{"line":1746,"column":null}},"593":{"start":{"line":1747,"column":2},"end":{"line":1752,"column":null}},"594":{"start":{"line":1750,"column":32},"end":{"line":1750,"column":71}},"595":{"start":{"line":1756,"column":18},"end":{"line":1765,"column":null}},"596":{"start":{"line":1766,"column":2},"end":{"line":1766,"column":null}},"597":{"start":{"line":1766,"column":12},"end":{"line":1766,"column":null}},"598":{"start":{"line":1767,"column":2},"end":{"line":1771,"column":null}},"599":{"start":{"line":1775,"column":2},"end":{"line":1775,"column":null}},"600":{"start":{"line":1775,"column":30},"end":{"line":1775,"column":41}},"601":{"start":{"line":1779,"column":2},"end":{"line":1783,"column":null}},"602":{"start":{"line":1787,"column":17},"end":{"line":1787,"column":null}},"603":{"start":{"line":1787,"column":51},"end":{"line":1787,"column":63}},"604":{"start":{"line":1788,"column":16},"end":{"line":1788,"column":null}},"605":{"start":{"line":1789,"column":2},"end":{"line":1789,"column":null}},"606":{"start":{"line":1793,"column":41},"end":{"line":1793,"column":null}},"607":{"start":{"line":1794,"column":2},"end":{"line":1797,"column":null}},"608":{"start":{"line":1795,"column":4},"end":{"line":1795,"column":null}},"609":{"start":{"line":1795,"column":45},"end":{"line":1795,"column":null}},"610":{"start":{"line":1796,"column":4},"end":{"line":1796,"column":null}},"611":{"start":{"line":1798,"column":2},"end":{"line":1798,"column":null}},"612":{"start":{"line":1798,"column":77},"end":{"line":1798,"column":102}},"613":{"start":{"line":1802,"column":2},"end":{"line":1802,"column":null}},"614":{"start":{"line":1806,"column":2},"end":{"line":1806,"column":null}},"615":{"start":{"line":1806,"column":21},"end":{"line":1806,"column":null}},"616":{"start":{"line":1807,"column":2},"end":{"line":1807,"column":null}},"617":{"start":{"line":1811,"column":2},"end":{"line":1811,"column":null}},"618":{"start":{"line":1815,"column":2},"end":{"line":1815,"column":null}},"619":{"start":{"line":1819,"column":2},"end":{"line":1819,"column":null}},"620":{"start":{"line":1823,"column":2},"end":{"line":1823,"column":null}},"621":{"start":{"line":1823,"column":41},"end":{"line":1823,"column":56}},"622":{"start":{"line":1827,"column":2},"end":{"line":1827,"column":null}},"623":{"start":{"line":1831,"column":2},"end":{"line":1831,"column":null}},"624":{"start":{"line":1835,"column":34},"end":{"line":1835,"column":null}},"625":{"start":{"line":1837,"column":13},"end":{"line":1837,"column":null}},"626":{"start":{"line":1838,"column":16},"end":{"line":1838,"column":null}},"627":{"start":{"line":1841,"column":2},"end":{"line":1884,"column":null}},"628":{"start":{"line":1841,"column":19},"end":{"line":1841,"column":22}},"629":{"start":{"line":1842,"column":16},"end":{"line":1842,"column":null}},"630":{"start":{"line":1843,"column":4},"end":{"line":1846,"column":null}},"631":{"start":{"line":1844,"column":6},"end":{"line":1844,"column":null}},"632":{"start":{"line":1845,"column":6},"end":{"line":1845,"column":null}},"633":{"start":{"line":1847,"column":4},"end":{"line":1851,"column":null}},"634":{"start":{"line":1848,"column":6},"end":{"line":1848,"column":null}},"635":{"start":{"line":1849,"column":6},"end":{"line":1849,"column":null}},"636":{"start":{"line":1850,"column":6},"end":{"line":1850,"column":null}},"637":{"start":{"line":1852,"column":4},"end":{"line":1856,"column":null}},"638":{"start":{"line":1853,"column":6},"end":{"line":1853,"column":null}},"639":{"start":{"line":1854,"column":6},"end":{"line":1854,"column":null}},"640":{"start":{"line":1855,"column":6},"end":{"line":1855,"column":null}},"641":{"start":{"line":1857,"column":4},"end":{"line":1860,"column":null}},"642":{"start":{"line":1858,"column":6},"end":{"line":1858,"column":null}},"643":{"start":{"line":1859,"column":6},"end":{"line":1859,"column":null}},"644":{"start":{"line":1861,"column":4},"end":{"line":1865,"column":null}},"645":{"start":{"line":1862,"column":6},"end":{"line":1862,"column":null}},"646":{"start":{"line":1863,"column":6},"end":{"line":1863,"column":null}},"647":{"start":{"line":1864,"column":6},"end":{"line":1864,"column":null}},"648":{"start":{"line":1866,"column":4},"end":{"line":1869,"column":null}},"649":{"start":{"line":1867,"column":6},"end":{"line":1867,"column":null}},"650":{"start":{"line":1868,"column":6},"end":{"line":1868,"column":null}},"651":{"start":{"line":1870,"column":4},"end":{"line":1873,"column":null}},"652":{"start":{"line":1871,"column":6},"end":{"line":1871,"column":null}},"653":{"start":{"line":1872,"column":6},"end":{"line":1872,"column":null}},"654":{"start":{"line":1874,"column":4},"end":{"line":1878,"column":null}},"655":{"start":{"line":1875,"column":6},"end":{"line":1875,"column":null}},"656":{"start":{"line":1876,"column":6},"end":{"line":1876,"column":null}},"657":{"start":{"line":1877,"column":6},"end":{"line":1877,"column":null}},"658":{"start":{"line":1879,"column":4},"end":{"line":1882,"column":null}},"659":{"start":{"line":1880,"column":6},"end":{"line":1880,"column":null}},"660":{"start":{"line":1881,"column":6},"end":{"line":1881,"column":null}},"661":{"start":{"line":1883,"column":4},"end":{"line":1883,"column":null}},"662":{"start":{"line":1886,"column":2},"end":{"line":1886,"column":null}},"663":{"start":{"line":1886,"column":28},"end":{"line":1886,"column":null}},"664":{"start":{"line":1887,"column":2},"end":{"line":1893,"column":null}},"665":{"start":{"line":1897,"column":2},"end":{"line":1897,"column":null}},"666":{"start":{"line":1897,"column":26},"end":{"line":1897,"column":null}},"667":{"start":{"line":1898,"column":2},"end":{"line":1898,"column":null}},"668":{"start":{"line":1898,"column":26},"end":{"line":1898,"column":null}},"669":{"start":{"line":1899,"column":2},"end":{"line":1899,"column":null}},"670":{"start":{"line":1903,"column":16},"end":{"line":1903,"column":null}},"671":{"start":{"line":1904,"column":2},"end":{"line":1904,"column":null}},"672":{"start":{"line":1904,"column":49},"end":{"line":1904,"column":null}},"673":{"start":{"line":1905,"column":2},"end":{"line":1905,"column":null}},"674":{"start":{"line":1909,"column":2},"end":{"line":1913,"column":null}},"675":{"start":{"line":1910,"column":4},"end":{"line":1910,"column":null}},"676":{"start":{"line":1912,"column":4},"end":{"line":1912,"column":null}},"677":{"start":{"line":1917,"column":19},"end":{"line":1917,"column":null}},"678":{"start":{"line":1917,"column":67},"end":{"line":1917,"column":91}},"679":{"start":{"line":1918,"column":2},"end":{"line":1918,"column":null}},"680":{"start":{"line":1918,"column":31},"end":{"line":1918,"column":105}},"681":{"start":{"line":1922,"column":33},"end":{"line":1922,"column":null}},"682":{"start":{"line":1923,"column":24},"end":{"line":1923,"column":null}},"683":{"start":{"line":1925,"column":2},"end":{"line":1930,"column":null}},"684":{"start":{"line":1926,"column":4},"end":{"line":1929,"column":null}},"685":{"start":{"line":1932,"column":2},"end":{"line":1997,"column":null}},"686":{"start":{"line":1933,"column":25},"end":{"line":1933,"column":null}},"687":{"start":{"line":1934,"column":4},"end":{"line":1940,"column":null}},"688":{"start":{"line":1935,"column":6},"end":{"line":1939,"column":null}},"689":{"start":{"line":1941,"column":4},"end":{"line":1941,"column":null}},"690":{"start":{"line":1941,"column":27},"end":{"line":1941,"column":null}},"691":{"start":{"line":1942,"column":4},"end":{"line":1954,"column":null}},"692":{"start":{"line":1943,"column":6},"end":{"line":1947,"column":null}},"693":{"start":{"line":1948,"column":11},"end":{"line":1954,"column":null}},"694":{"start":{"line":1949,"column":6},"end":{"line":1953,"column":null}},"695":{"start":{"line":1955,"column":4},"end":{"line":1961,"column":null}},"696":{"start":{"line":1956,"column":6},"end":{"line":1960,"column":null}},"697":{"start":{"line":1962,"column":4},"end":{"line":1968,"column":null}},"698":{"start":{"line":1963,"column":6},"end":{"line":1967,"column":null}},"699":{"start":{"line":1969,"column":4},"end":{"line":1975,"column":null}},"700":{"start":{"line":1970,"column":6},"end":{"line":1974,"column":null}},"701":{"start":{"line":1976,"column":4},"end":{"line":1982,"column":null}},"702":{"start":{"line":1977,"column":6},"end":{"line":1981,"column":null}},"703":{"start":{"line":1983,"column":4},"end":{"line":1989,"column":null}},"704":{"start":{"line":1984,"column":6},"end":{"line":1988,"column":null}},"705":{"start":{"line":1990,"column":4},"end":{"line":1996,"column":null}},"706":{"start":{"line":1991,"column":6},"end":{"line":1995,"column":null}},"707":{"start":{"line":1999,"column":2},"end":{"line":1999,"column":null}},"708":{"start":{"line":2003,"column":2},"end":{"line":2005,"column":null}},"709":{"start":{"line":2004,"column":32},"end":{"line":2004,"column":116}},"710":{"start":{"line":2005,"column":21},"end":{"line":2005,"column":25}},"711":{"start":{"line":2009,"column":2},"end":{"line":2009,"column":null}},"712":{"start":{"line":2013,"column":2},"end":{"line":2013,"column":null}},"713":{"start":{"line":2013,"column":45},"end":{"line":2013,"column":null}},"714":{"start":{"line":2014,"column":2},"end":{"line":2014,"column":null}},"715":{"start":{"line":2014,"column":39},"end":{"line":2014,"column":null}},"716":{"start":{"line":2015,"column":18},"end":{"line":2015,"column":null}},"717":{"start":{"line":2016,"column":2},"end":{"line":2016,"column":null}},"718":{"start":{"line":2016,"column":102},"end":{"line":2016,"column":null}},"719":{"start":{"line":2017,"column":2},"end":{"line":2017,"column":null}},"720":{"start":{"line":2021,"column":17},"end":{"line":2021,"column":null}},"721":{"start":{"line":2022,"column":2},"end":{"line":2022,"column":null}},"722":{"start":{"line":2022,"column":30},"end":{"line":2022,"column":null}},"723":{"start":{"line":2023,"column":2},"end":{"line":2023,"column":null}},"724":{"start":{"line":2027,"column":45},"end":{"line":2027,"column":null}},"725":{"start":{"line":2028,"column":2},"end":{"line":2035,"column":null}},"726":{"start":{"line":2029,"column":4},"end":{"line":2029,"column":null}},"727":{"start":{"line":2029,"column":25},"end":{"line":2029,"column":null}},"728":{"start":{"line":2030,"column":18},"end":{"line":2030,"column":null}},"729":{"start":{"line":2031,"column":4},"end":{"line":2031,"column":null}},"730":{"start":{"line":2031,"column":37},"end":{"line":2031,"column":null}},"731":{"start":{"line":2032,"column":4},"end":{"line":2034,"column":null}},"732":{"start":{"line":2033,"column":6},"end":{"line":2033,"column":null}},"733":{"start":{"line":2036,"column":2},"end":{"line":2036,"column":null}},"734":{"start":{"line":2045,"column":33},"end":{"line":2045,"column":null}},"735":{"start":{"line":2046,"column":40},"end":{"line":2046,"column":null}},"736":{"start":{"line":2047,"column":23},"end":{"line":2047,"column":null}},"737":{"start":{"line":2049,"column":2},"end":{"line":2075,"column":null}},"738":{"start":{"line":2050,"column":20},"end":{"line":2050,"column":null}},"739":{"start":{"line":2051,"column":4},"end":{"line":2060,"column":null}},"740":{"start":{"line":2052,"column":6},"end":{"line":2058,"column":null}},"741":{"start":{"line":2053,"column":8},"end":{"line":2057,"column":null}},"742":{"start":{"line":2059,"column":6},"end":{"line":2059,"column":null}},"743":{"start":{"line":2061,"column":4},"end":{"line":2068,"column":null}},"744":{"start":{"line":2062,"column":6},"end":{"line":2067,"column":null}},"745":{"start":{"line":2069,"column":4},"end":{"line":2069,"column":null}},"746":{"start":{"line":2070,"column":4},"end":{"line":2070,"column":null}},"747":{"start":{"line":2072,"column":20},"end":{"line":2072,"column":null}},"748":{"start":{"line":2073,"column":4},"end":{"line":2073,"column":null}},"749":{"start":{"line":2074,"column":4},"end":{"line":2074,"column":null}},"750":{"start":{"line":2074,"column":68},"end":{"line":2074,"column":null}},"751":{"start":{"line":2077,"column":2},"end":{"line":2077,"column":null}},"752":{"start":{"line":2078,"column":2},"end":{"line":2078,"column":null}},"753":{"start":{"line":2082,"column":47},"end":{"line":2082,"column":null}},"754":{"start":{"line":2083,"column":23},"end":{"line":2083,"column":null}},"755":{"start":{"line":2084,"column":2},"end":{"line":2100,"column":null}},"756":{"start":{"line":2085,"column":20},"end":{"line":2085,"column":null}},"757":{"start":{"line":2086,"column":26},"end":{"line":2086,"column":null}},"758":{"start":{"line":2087,"column":21},"end":{"line":2087,"column":null}},"759":{"start":{"line":2088,"column":4},"end":{"line":2097,"column":null}},"760":{"start":{"line":2095,"column":6},"end":{"line":2095,"column":null}},"761":{"start":{"line":2096,"column":6},"end":{"line":2096,"column":null}},"762":{"start":{"line":2098,"column":4},"end":{"line":2098,"column":null}},"763":{"start":{"line":2098,"column":61},"end":{"line":2098,"column":null}},"764":{"start":{"line":2099,"column":4},"end":{"line":2099,"column":null}},"765":{"start":{"line":2101,"column":2},"end":{"line":2101,"column":null}},"766":{"start":{"line":2105,"column":17},"end":{"line":2105,"column":null}},"767":{"start":{"line":2106,"column":2},"end":{"line":2126,"column":null}},"768":{"start":{"line":2107,"column":22},"end":{"line":2107,"column":null}},"769":{"start":{"line":2108,"column":26},"end":{"line":2108,"column":null}},"770":{"start":{"line":2109,"column":4},"end":{"line":2125,"column":null}},"771":{"start":{"line":2127,"column":2},"end":{"line":2140,"column":null}},"772":{"start":{"line":2128,"column":4},"end":{"line":2139,"column":null}},"773":{"start":{"line":2141,"column":2},"end":{"line":2147,"column":null}},"774":{"start":{"line":2142,"column":4},"end":{"line":2146,"column":null}},"775":{"start":{"line":2148,"column":2},"end":{"line":2148,"column":null}},"776":{"start":{"line":2152,"column":17},"end":{"line":2152,"column":null}},"777":{"start":{"line":2153,"column":18},"end":{"line":2153,"column":null}},"778":{"start":{"line":2154,"column":2},"end":{"line":2154,"column":null}},"779":{"start":{"line":2154,"column":29},"end":{"line":2154,"column":null}},"780":{"start":{"line":2156,"column":18},"end":{"line":2156,"column":null}},"781":{"start":{"line":2157,"column":21},"end":{"line":2157,"column":null}},"782":{"start":{"line":2158,"column":25},"end":{"line":2158,"column":null}},"783":{"start":{"line":2159,"column":22},"end":{"line":2159,"column":null}},"784":{"start":{"line":2160,"column":17},"end":{"line":2168,"column":null}},"785":{"start":{"line":2169,"column":2},"end":{"line":2169,"column":null}},"786":{"start":{"line":2169,"column":64},"end":{"line":2169,"column":null}},"787":{"start":{"line":2170,"column":2},"end":{"line":2178,"column":null}},"788":{"start":{"line":2171,"column":4},"end":{"line":2177,"column":null}},"789":{"start":{"line":2180,"column":18},"end":{"line":2180,"column":null}},"790":{"start":{"line":2181,"column":21},"end":{"line":2181,"column":null}},"791":{"start":{"line":2183,"column":2},"end":{"line":2189,"column":null}},"792":{"start":{"line":2184,"column":4},"end":{"line":2188,"column":null}},"793":{"start":{"line":2190,"column":2},"end":{"line":2195,"column":null}},"794":{"start":{"line":2191,"column":4},"end":{"line":2194,"column":null}},"795":{"start":{"line":2196,"column":2},"end":{"line":2202,"column":null}},"796":{"start":{"line":2197,"column":4},"end":{"line":2201,"column":null}},"797":{"start":{"line":2203,"column":2},"end":{"line":2209,"column":null}},"798":{"start":{"line":2204,"column":4},"end":{"line":2208,"column":null}},"799":{"start":{"line":2211,"column":20},"end":{"line":2211,"column":null}},"800":{"start":{"line":2212,"column":2},"end":{"line":2212,"column":null}},"801":{"start":{"line":2213,"column":2},"end":{"line":2213,"column":null}},"802":{"start":{"line":2213,"column":107},"end":{"line":2213,"column":null}},"803":{"start":{"line":2215,"column":2},"end":{"line":2226,"column":null}},"804":{"start":{"line":2233,"column":33},"end":{"line":2233,"column":null}},"805":{"start":{"line":2234,"column":17},"end":{"line":2234,"column":null}},"806":{"start":{"line":2235,"column":2},"end":{"line":2242,"column":null}},"807":{"start":{"line":2236,"column":4},"end":{"line":2240,"column":null}},"808":{"start":{"line":2241,"column":4},"end":{"line":2241,"column":null}},"809":{"start":{"line":2243,"column":2},"end":{"line":2243,"column":null}},"810":{"start":{"line":2243,"column":28},"end":{"line":2243,"column":null}},"811":{"start":{"line":2244,"column":62},"end":{"line":2244,"column":null}},"812":{"start":{"line":2245,"column":2},"end":{"line":2269,"column":null}},"813":{"start":{"line":2246,"column":17},"end":{"line":2246,"column":null}},"814":{"start":{"line":2247,"column":4},"end":{"line":2247,"column":null}},"815":{"start":{"line":2247,"column":28},"end":{"line":2247,"column":null}},"816":{"start":{"line":2248,"column":4},"end":{"line":2255,"column":null}},"817":{"start":{"line":2249,"column":6},"end":{"line":2253,"column":null}},"818":{"start":{"line":2254,"column":6},"end":{"line":2254,"column":null}},"819":{"start":{"line":2256,"column":30},"end":{"line":2256,"column":null}},"820":{"start":{"line":2257,"column":4},"end":{"line":2267,"column":null}},"821":{"start":{"line":2258,"column":6},"end":{"line":2265,"column":null}},"822":{"start":{"line":2259,"column":8},"end":{"line":2263,"column":null}},"823":{"start":{"line":2264,"column":8},"end":{"line":2264,"column":null}},"824":{"start":{"line":2266,"column":6},"end":{"line":2266,"column":null}},"825":{"start":{"line":2268,"column":4},"end":{"line":2268,"column":null}},"826":{"start":{"line":2268,"column":28},"end":{"line":2268,"column":null}},"827":{"start":{"line":2270,"column":2},"end":{"line":2270,"column":null}},"828":{"start":{"line":2278,"column":33},"end":{"line":2278,"column":null}},"829":{"start":{"line":2279,"column":20},"end":{"line":2279,"column":null}},"830":{"start":{"line":2280,"column":20},"end":{"line":2280,"column":null}},"831":{"start":{"line":2281,"column":31},"end":{"line":2281,"column":null}},"832":{"start":{"line":2281,"column":67},"end":{"line":2281,"column":82}},"833":{"start":{"line":2283,"column":2},"end":{"line":2330,"column":null}},"834":{"start":{"line":2284,"column":25},"end":{"line":2285,"column":null}},"835":{"start":{"line":2285,"column":6},"end":{"line":2285,"column":94}},"836":{"start":{"line":2286,"column":23},"end":{"line":2286,"column":null}},"837":{"start":{"line":2287,"column":4},"end":{"line":2293,"column":null}},"838":{"start":{"line":2288,"column":6},"end":{"line":2292,"column":null}},"839":{"start":{"line":2294,"column":24},"end":{"line":2294,"column":null}},"840":{"start":{"line":2295,"column":4},"end":{"line":2305,"column":null}},"841":{"start":{"line":2296,"column":23},"end":{"line":2296,"column":null}},"842":{"start":{"line":2297,"column":6},"end":{"line":2302,"column":null}},"843":{"start":{"line":2304,"column":6},"end":{"line":2304,"column":null}},"844":{"start":{"line":2307,"column":4},"end":{"line":2329,"column":null}},"845":{"start":{"line":2308,"column":21},"end":{"line":2308,"column":null}},"846":{"start":{"line":2309,"column":6},"end":{"line":2309,"column":null}},"847":{"start":{"line":2309,"column":32},"end":{"line":2309,"column":null}},"848":{"start":{"line":2310,"column":6},"end":{"line":2328,"column":null}},"849":{"start":{"line":2311,"column":8},"end":{"line":2317,"column":null}},"850":{"start":{"line":2312,"column":10},"end":{"line":2316,"column":null}},"851":{"start":{"line":2318,"column":28},"end":{"line":2318,"column":null}},"852":{"start":{"line":2319,"column":8},"end":{"line":2327,"column":null}},"853":{"start":{"line":2320,"column":10},"end":{"line":2324,"column":null}},"854":{"start":{"line":2326,"column":10},"end":{"line":2326,"column":null}},"855":{"start":{"line":2332,"column":2},"end":{"line":2332,"column":null}},"856":{"start":{"line":2341,"column":2},"end":{"line":2341,"column":null}},"857":{"start":{"line":2341,"column":28},"end":{"line":2341,"column":null}},"858":{"start":{"line":2342,"column":22},"end":{"line":2342,"column":null}},"859":{"start":{"line":2343,"column":2},"end":{"line":2348,"column":null}},"860":{"start":{"line":2344,"column":19},"end":{"line":2344,"column":40}},"861":{"start":{"line":2345,"column":16},"end":{"line":2348,"column":6}},"862":{"start":{"line":2352,"column":2},"end":{"line":2352,"column":null}},"863":{"start":{"line":2356,"column":2},"end":{"line":2356,"column":null}},"864":{"start":{"line":2360,"column":2},"end":{"line":2366,"column":null}},"865":{"start":{"line":2362,"column":53},"end":{"line":2365,"column":6}},"866":{"start":{"line":2370,"column":2},"end":{"line":2375,"column":null}},"867":{"start":{"line":2384,"column":2},"end":{"line":2384,"column":null}},"868":{"start":{"line":2384,"column":34},"end":{"line":2384,"column":null}},"869":{"start":{"line":2385,"column":2},"end":{"line":2390,"column":null}},"870":{"start":{"line":2399,"column":2},"end":{"line":2404,"column":null}},"871":{"start":{"line":2408,"column":2},"end":{"line":2408,"column":null}},"872":{"start":{"line":2408,"column":33},"end":{"line":2408,"column":null}},"873":{"start":{"line":2409,"column":2},"end":{"line":2409,"column":null}},"874":{"start":{"line":2409,"column":28},"end":{"line":2409,"column":null}},"875":{"start":{"line":2409,"column":53},"end":{"line":2409,"column":79}},"876":{"start":{"line":2410,"column":2},"end":{"line":2410,"column":null}},"877":{"start":{"line":2410,"column":24},"end":{"line":2410,"column":null}},"878":{"start":{"line":2411,"column":2},"end":{"line":2414,"column":null}},"879":{"start":{"line":2411,"column":71},"end":{"line":2414,"column":3}},"880":{"start":{"line":2418,"column":15},"end":{"line":2418,"column":null}},"881":{"start":{"line":2419,"column":33},"end":{"line":2419,"column":null}},"882":{"start":{"line":2420,"column":2},"end":{"line":2425,"column":null}},"883":{"start":{"line":2421,"column":16},"end":{"line":2421,"column":null}},"884":{"start":{"line":2422,"column":4},"end":{"line":2422,"column":null}},"885":{"start":{"line":2422,"column":23},"end":{"line":2422,"column":null}},"886":{"start":{"line":2423,"column":4},"end":{"line":2423,"column":null}},"887":{"start":{"line":2424,"column":4},"end":{"line":2424,"column":null}},"888":{"start":{"line":2426,"column":2},"end":{"line":2429,"column":null}},"889":{"start":{"line":2426,"column":28},"end":{"line":2428,"column":null}},"890":{"start":{"line":2440,"column":17},"end":{"line":2440,"column":null}},"891":{"start":{"line":2441,"column":2},"end":{"line":2441,"column":null}},"892":{"start":{"line":2441,"column":18},"end":{"line":2441,"column":null}},"893":{"start":{"line":2442,"column":2},"end":{"line":2442,"column":null}},"894":{"start":{"line":2442,"column":20},"end":{"line":2442,"column":null}},"895":{"start":{"line":2443,"column":2},"end":{"line":2447,"column":null}},"896":{"start":{"line":2451,"column":17},"end":{"line":2454,"column":null}},"897":{"start":{"line":2455,"column":18},"end":{"line":2455,"column":null}},"898":{"start":{"line":2456,"column":2},"end":{"line":2456,"column":null}},"899":{"start":{"line":2456,"column":12},"end":{"line":2456,"column":null}},"900":{"start":{"line":2457,"column":2},"end":{"line":2461,"column":null}},"901":{"start":{"line":2465,"column":17},"end":{"line":2465,"column":null}},"902":{"start":{"line":2466,"column":2},"end":{"line":2466,"column":null}},"903":{"start":{"line":2470,"column":33},"end":{"line":2470,"column":null}},"904":{"start":{"line":2471,"column":2},"end":{"line":2500,"column":null}},"905":{"start":{"line":2472,"column":4},"end":{"line":2478,"column":null}},"906":{"start":{"line":2473,"column":6},"end":{"line":2477,"column":null}},"907":{"start":{"line":2479,"column":4},"end":{"line":2485,"column":null}},"908":{"start":{"line":2480,"column":6},"end":{"line":2484,"column":null}},"909":{"start":{"line":2486,"column":4},"end":{"line":2492,"column":null}},"910":{"start":{"line":2487,"column":6},"end":{"line":2491,"column":null}},"911":{"start":{"line":2493,"column":4},"end":{"line":2499,"column":null}},"912":{"start":{"line":2494,"column":6},"end":{"line":2498,"column":null}},"913":{"start":{"line":2501,"column":2},"end":{"line":2501,"column":null}},"914":{"start":{"line":2505,"column":2},"end":{"line":2508,"column":null}},"915":{"start":{"line":2506,"column":4},"end":{"line":2506,"column":null}},"916":{"start":{"line":2506,"column":30},"end":{"line":2506,"column":null}},"917":{"start":{"line":2507,"column":4},"end":{"line":2507,"column":null}},"918":{"start":{"line":2509,"column":2},"end":{"line":2509,"column":null}},"919":{"start":{"line":2509,"column":24},"end":{"line":2509,"column":null}},"920":{"start":{"line":2510,"column":2},"end":{"line":2513,"column":null}},"921":{"start":{"line":2511,"column":4},"end":{"line":2511,"column":null}},"922":{"start":{"line":2512,"column":4},"end":{"line":2512,"column":null}},"923":{"start":{"line":2517,"column":2},"end":{"line":2517,"column":null}},"924":{"start":{"line":2517,"column":33},"end":{"line":2517,"column":null}},"925":{"start":{"line":2518,"column":2},"end":{"line":2518,"column":null}},"926":{"start":{"line":2518,"column":28},"end":{"line":2518,"column":null}},"927":{"start":{"line":2518,"column":54},"end":{"line":2518,"column":82}},"928":{"start":{"line":2519,"column":2},"end":{"line":2519,"column":null}},"929":{"start":{"line":2519,"column":24},"end":{"line":2519,"column":null}},"930":{"start":{"line":2520,"column":2},"end":{"line":2520,"column":null}},"931":{"start":{"line":2520,"column":53},"end":{"line":2520,"column":92}},"932":{"start":{"line":2524,"column":2},"end":{"line":2524,"column":null}},"933":{"start":{"line":2524,"column":29},"end":{"line":2524,"column":null}},"934":{"start":{"line":2525,"column":2},"end":{"line":2529,"column":null}},"935":{"start":{"line":2526,"column":4},"end":{"line":2526,"column":null}},"936":{"start":{"line":2526,"column":35},"end":{"line":2526,"column":null}},"937":{"start":{"line":2527,"column":4},"end":{"line":2527,"column":null}},"938":{"start":{"line":2527,"column":30},"end":{"line":2527,"column":null}},"939":{"start":{"line":2528,"column":4},"end":{"line":2528,"column":null}},"940":{"start":{"line":2528,"column":25},"end":{"line":2528,"column":null}},"941":{"start":{"line":2530,"column":2},"end":{"line":2530,"column":null}},"942":{"start":{"line":2534,"column":2},"end":{"line":2536,"column":null}},"943":{"start":{"line":2540,"column":8},"end":{"line":2540,"column":null}},"944":{"start":{"line":2541,"column":2},"end":{"line":2546,"column":null}},"945":{"start":{"line":2542,"column":4},"end":{"line":2542,"column":null}},"946":{"start":{"line":2542,"column":29},"end":{"line":2542,"column":null}},"947":{"start":{"line":2543,"column":4},"end":{"line":2543,"column":null}},"948":{"start":{"line":2543,"column":38},"end":{"line":2543,"column":null}},"949":{"start":{"line":2544,"column":4},"end":{"line":2544,"column":null}},"950":{"start":{"line":2544,"column":90},"end":{"line":2544,"column":null}},"951":{"start":{"line":2545,"column":4},"end":{"line":2545,"column":null}},"952":{"start":{"line":2547,"column":2},"end":{"line":2547,"column":null}},"953":{"start":{"line":2551,"column":2},"end":{"line":2551,"column":null}},"954":{"start":{"line":2555,"column":2},"end":{"line":2555,"column":null}},"955":{"start":{"line":2559,"column":2},"end":{"line":2559,"column":null}},"956":{"start":{"line":2563,"column":2},"end":{"line":2563,"column":null}},"957":{"start":{"line":2563,"column":24},"end":{"line":2563,"column":null}},"958":{"start":{"line":2564,"column":2},"end":{"line":2564,"column":null}},"959":{"start":{"line":2568,"column":2},"end":{"line":2568,"column":null}},"960":{"start":{"line":2568,"column":55},"end":{"line":2568,"column":null}},"961":{"start":{"line":2569,"column":2},"end":{"line":2569,"column":null}},"962":{"start":{"line":2573,"column":2},"end":{"line":2573,"column":null}},"963":{"start":{"line":2573,"column":22},"end":{"line":2573,"column":null}},"964":{"start":{"line":2574,"column":2},"end":{"line":2574,"column":null}},"965":{"start":{"line":2574,"column":53},"end":{"line":2574,"column":null}},"966":{"start":{"line":2575,"column":2},"end":{"line":2575,"column":null}},"967":{"start":{"line":2579,"column":2},"end":{"line":2581,"column":null}},"968":{"start":{"line":2580,"column":4},"end":{"line":2580,"column":null}},"969":{"start":{"line":2582,"column":28},"end":{"line":2582,"column":null}},"970":{"start":{"line":2583,"column":2},"end":{"line":2588,"column":null}},"971":{"start":{"line":2584,"column":4},"end":{"line":2586,"column":null}},"972":{"start":{"line":2585,"column":6},"end":{"line":2585,"column":null}},"973":{"start":{"line":2587,"column":4},"end":{"line":2587,"column":null}},"974":{"start":{"line":2589,"column":2},"end":{"line":2589,"column":null}},"975":{"start":{"line":2589,"column":48},"end":{"line":2589,"column":null}},"976":{"start":{"line":2590,"column":2},"end":{"line":2590,"column":null}},"977":{"start":{"line":2594,"column":2},"end":{"line":2594,"column":null}},"978":{"start":{"line":2594,"column":27},"end":{"line":2594,"column":null}},"979":{"start":{"line":2595,"column":2},"end":{"line":2595,"column":null}},"980":{"start":{"line":2599,"column":2},"end":{"line":2599,"column":null}},"981":{"start":{"line":2599,"column":34},"end":{"line":2599,"column":null}},"982":{"start":{"line":2600,"column":2},"end":{"line":2600,"column":null}},"983":{"start":{"line":2604,"column":2},"end":{"line":2606,"column":null}},"984":{"start":{"line":2605,"column":4},"end":{"line":2605,"column":null}},"985":{"start":{"line":2607,"column":2},"end":{"line":2607,"column":null}},"986":{"start":{"line":2611,"column":2},"end":{"line":2613,"column":null}},"987":{"start":{"line":2612,"column":4},"end":{"line":2612,"column":null}},"988":{"start":{"line":2614,"column":2},"end":{"line":2614,"column":null}},"989":{"start":{"line":2618,"column":2},"end":{"line":2620,"column":null}},"990":{"start":{"line":2619,"column":4},"end":{"line":2619,"column":null}},"991":{"start":{"line":2621,"column":2},"end":{"line":2621,"column":null}},"992":{"start":{"line":2625,"column":2},"end":{"line":2627,"column":null}},"993":{"start":{"line":2626,"column":4},"end":{"line":2626,"column":null}},"994":{"start":{"line":2628,"column":2},"end":{"line":2628,"column":null}},"995":{"start":{"line":2632,"column":2},"end":{"line":2632,"column":null}}},"fnMap":{"0":{"name":"(anonymous_0)","decl":{"start":{"line":400,"column":55},"end":{"line":400,"column":60}},"loc":{"start":{"line":400,"column":83},"end":{"line":403,"column":3}},"line":400},"1":{"name":"runVerifyLock","decl":{"start":{"line":478,"column":16},"end":{"line":478,"column":30}},"loc":{"start":{"line":478,"column":103},"end":{"line":519,"column":null}},"line":478},"2":{"name":"(anonymous_2)","decl":{"start":{"line":484,"column":39},"end":{"line":484,"column":43}},"loc":{"start":{"line":484,"column":51},"end":{"line":484,"column":83}},"line":484},"3":{"name":"createInstalledArtifactResolver","decl":{"start":{"line":526,"column":16},"end":{"line":526,"column":48}},"loc":{"start":{"line":526,"column":99},"end":{"line":549,"column":null}},"line":526},"4":{"name":"resolve","decl":{"start":{"line":528,"column":4},"end":{"line":528,"column":12}},"loc":{"start":{"line":528,"column":23},"end":{"line":547,"column":null}},"line":528},"5":{"name":"(anonymous_5)","decl":{"start":{"line":537,"column":55},"end":{"line":537,"column":60}},"loc":{"start":{"line":537,"column":68},"end":{"line":537,"column":92}},"line":537},"6":{"name":"validateResolvedArtifacts","decl":{"start":{"line":551,"column":9},"end":{"line":551,"column":null}},"loc":{"start":{"line":555,"column":18},"end":{"line":557,"column":null}},"line":555},"7":{"name":"(anonymous_7)","decl":{"start":{"line":556,"column":28},"end":{"line":556,"column":36}},"loc":{"start":{"line":556,"column":49},"end":{"line":556,"column":107}},"line":556},"8":{"name":"validateResolvedArtifact","decl":{"start":{"line":559,"column":9},"end":{"line":559,"column":null}},"loc":{"start":{"line":563,"column":18},"end":{"line":679,"column":null}},"line":563},"9":{"name":"(anonymous_9)","decl":{"start":{"line":671,"column":28},"end":{"line":671,"column":33}},"loc":{"start":{"line":671,"column":41},"end":{"line":671,"column":102}},"line":671},"10":{"name":"validatePermissionArtifactConfig","decl":{"start":{"line":681,"column":9},"end":{"line":681,"column":null}},"loc":{"start":{"line":684,"column":18},"end":{"line":720,"column":null}},"line":684},"11":{"name":"(anonymous_11)","decl":{"start":{"line":686,"column":27},"end":{"line":686,"column":34}},"loc":{"start":{"line":687,"column":4},"end":{"line":687,"column":86}},"line":687},"12":{"name":"resolveArtifactFile","decl":{"start":{"line":722,"column":9},"end":{"line":722,"column":29}},"loc":{"start":{"line":722,"column":91},"end":{"line":726,"column":null}},"line":722},"13":{"name":"isSafeRelativeArtifactPath","decl":{"start":{"line":728,"column":9},"end":{"line":728,"column":36}},"loc":{"start":{"line":728,"column":59},"end":{"line":730,"column":null}},"line":728},"14":{"name":"observedDependencies","decl":{"start":{"line":732,"column":9},"end":{"line":732,"column":30}},"loc":{"start":{"line":732,"column":75},"end":{"line":740,"column":null}},"line":732},"15":{"name":"observedInstallScripts","decl":{"start":{"line":742,"column":9},"end":{"line":742,"column":32}},"loc":{"start":{"line":742,"column":101},"end":{"line":748,"column":null}},"line":742},"16":{"name":"(anonymous_16)","decl":{"start":{"line":746,"column":5},"end":{"line":746,"column":13}},"loc":{"start":{"line":746,"column":50},"end":{"line":746,"column":124}},"line":746},"17":{"name":"(anonymous_17)","decl":{"start":{"line":747,"column":5},"end":{"line":747,"column":11}},"loc":{"start":{"line":747,"column":31},"end":{"line":747,"column":56}},"line":747},"18":{"name":"sameStrings","decl":{"start":{"line":750,"column":9},"end":{"line":750,"column":21}},"loc":{"start":{"line":750,"column":81},"end":{"line":753,"column":null}},"line":750},"19":{"name":"(anonymous_19)","decl":{"start":{"line":752,"column":52},"end":{"line":752,"column":59}},"loc":{"start":{"line":752,"column":76},"end":{"line":752,"column":104}},"line":752},"20":{"name":"sameStringRecord","decl":{"start":{"line":755,"column":9},"end":{"line":755,"column":26}},"loc":{"start":{"line":755,"column":116},"end":{"line":757,"column":null}},"line":755},"21":{"name":"(anonymous_21)","decl":{"start":{"line":756,"column":90},"end":{"line":756,"column":96}},"loc":{"start":{"line":756,"column":109},"end":{"line":756,"column":127}},"line":756},"22":{"name":"nodeVersionSatisfies","decl":{"start":{"line":759,"column":9},"end":{"line":759,"column":30}},"loc":{"start":{"line":759,"column":71},"end":{"line":769,"column":null}},"line":759},"23":{"name":"(anonymous_23)","decl":{"start":{"line":761,"column":36},"end":{"line":761,"column":42}},"loc":{"start":{"line":761,"column":51},"end":{"line":768,"column":3}},"line":761},"24":{"name":"parseNodeVersion","decl":{"start":{"line":771,"column":9},"end":{"line":771,"column":26}},"loc":{"start":{"line":771,"column":78},"end":{"line":775,"column":null}},"line":771},"25":{"name":"compareVersion","decl":{"start":{"line":777,"column":9},"end":{"line":777,"column":null}},"loc":{"start":{"line":780,"column":10},"end":{"line":786,"column":null}},"line":780},"26":{"name":"runPreflight","decl":{"start":{"line":794,"column":16},"end":{"line":794,"column":29}},"loc":{"start":{"line":794,"column":101},"end":{"line":863,"column":null}},"line":794},"27":{"name":"(anonymous_27)","decl":{"start":{"line":823,"column":39},"end":{"line":823,"column":43}},"loc":{"start":{"line":823,"column":51},"end":{"line":823,"column":83}},"line":823},"28":{"name":"loadInstalledProfileEntries","decl":{"start":{"lin
[...]
ined:undefined:undefined:undefined":246,"s:1962:4:1968:Infinity":697,"s:1963:6:1967:Infinity":698,"b:1969:4:1975:Infinity:undefined:undefined:undefined:undefined":247,"s:1969:4:1975:Infinity":699,"b:1969:8:1969:46:1969:46:1969:79":248,"s:1970:6:1974:Infinity":700,"b:1976:4:1982:Infinity:undefined:undefined:undefined:undefined":249,"s:1976:4:1982:Infinity":701,"s:1977:6:1981:Infinity":702,"b:1983:4:1989:Infinity:undefined:undefined:undefined:undefined":250,"s:1983:4:1989:Infinity":703,"b:1983:8:1983:49:1983:49:1983:96":251,"s:1984:6:1988:Infinity":704,"b:1990:4:1996:Infinity:undefined:undefined:undefined:undefined":252,"s:1990:4:1996:Infinity":705,"b:1990:8:1990:38:1990:38:1990:88":253,"s:1991:6:1995:Infinity":706,"s:1999:2:1999:Infinity":707,"f:2002:9:2002:30":140,"s:2003:2:2005:Infinity":708,"f:2004:5:2004:13":141,"s:2004:32:2004:116":709,"b:2004:32:2004:74:2004:74:2004:116":254,"f:2005:5:2005:10":142,"s:2005:21:2005:25":710,"f:2008:9:2008:29":143,"s:2009:2:2009:Infinity":711,"f:2012:9:2012:44":144,"b:2013:2:2013:Infinity:undefined:undefined:undefined:undefined":255,"s:2013:2:2013:Infinity":712,"s:2013:45:2013:Infinity":713,"b:2014:2:2014:Infinity:undefined:undefined:undefined:undefined":256,"s:2014:2:2014:Infinity":714,"s:2014:39:2014:Infinity":715,"s:2015:18:2015:Infinity":716,"b:2016:2:2016:Infinity:undefined:undefined:undefined:undefined":257,"s:2016:2:2016:Infinity":717,"b:2016:6:2016:27:2016:27:2016:65:2016:65:2016:102":258,"s:2016:102:2016:Infinity":718,"s:2017:2:2017:Infinity":719,"f:2020:9:2020:26":145,"s:2021:17:2021:Infinity":720,"b:2022:2:2022:Infinity:undefined:undefined:undefined:undefined":259,"s:2022:2:2022:Infinity":721,"s:2022:30:2022:Infinity":722,"s:2023:2:2023:Infinity":723,"f:2026:9:2026:29":146,"s:2027:45:2027:Infinity":724,"s:2028:2:2035:Infinity":725,"b:2029:4:2029:Infinity:undefined:undefined:undefined:undefined":260,"s:2029:4:2029:Infinity":726,"s:2029:25:2029:Infinity":727,"s:2030:18:2030:Infinity":728,"b:2031:4:2031:Infinity:undefined:undefined:undefined:undefined":261,"s:2031:4:2031:Infinity":729,"s:2031:37:2031:Infinity":730,"b:2032:4:2034:Infinity:undefined:undefined:undefined:undefined":262,"s:2032:4:2034:Infinity":731,"b:2032:8:2032:36:2032:36:2032:67:2032:67:2032:93:2032:93:2032:122":263,"s:2033:6:2033:Infinity":732,"s:2036:2:2036:Infinity":733,"f:2039:9:2039:Infinity":147,"b:2043:63:2043:Infinity":264,"s:2045:33:2045:Infinity":734,"s:2046:40:2046:Infinity":735,"s:2047:23:2047:Infinity":736,"s:2049:2:2075:Infinity":737,"s:2050:20:2050:Infinity":738,"b:2051:4:2060:Infinity:undefined:undefined:undefined:undefined":265,"s:2051:4:2060:Infinity":739,"b:2052:6:2058:Infinity:undefined:undefined:undefined:undefined":266,"s:2052:6:2058:Infinity":740,"s:2053:8:2057:Infinity":741,"s:2059:6:2059:Infinity":742,"b:2061:4:2068:Infinity:undefined:undefined:undefined:undefined":267,"s:2061:4:2068:Infinity":743,"b:2061:8:2061:38:2061:38:2061:76":268,"s:2062:6:2067:Infinity":744,"b:2064:16:2064:27:2064:27:2064:Infinity":269,"s:2069:4:2069:Infinity":745,"b:2069:52:2069:63:2069:63:2069:89":270,"s:2070:4:2070:Infinity":746,"s:2072:20:2072:Infinity":747,"s:2073:4:2073:Infinity":748,"b:2074:4:2074:Infinity:undefined:undefined:undefined:undefined":271,"s:2074:4:2074:Infinity":749,"b:2074:8:2074:46:2074:46:2074:68":272,"s:2074:68:2074:Infinity":750,"s:2077:2:2077:Infinity":751,"s:2078:2:2078:Infinity":752,"f:2081:9:2081:31":148,"s:2082:47:2082:Infinity":753,"s:2083:23:2083:Infinity":754,"s:2084:2:2100:Infinity":755,"s:2085:20:2085:Infinity":756,"s:2086:26:2086:Infinity":757,"b:2086:50:2086:62:2086:62:2086:Infinity":273,"s:2087:21:2087:Infinity":758,"b:2087:51:2087:63:2087:63:2087:Infinity":274,"b:2088:4:2097:Infinity:undefined:undefined:undefined:undefined":275,"s:2088:4:2097:Infinity":759,"b:2089:6:2089:Infinity:2090:9:2090:Infinity:2091:9:2091:Infinity:2092:9:2092:Infinity:2093:9:2093:Infinity":276,"s:2095:6:2095:Infinity":760,"s:2096:6:2096:Infinity":761,"b:2098:4:2098:Infinity:undefined:undefined:undefined:undefined":277,"s:2098:4:2098:Infinity":762,"b:2098:8:2098:33:2098:33:2098:61":278,"s:2098:61:2098:Infinity":763,"s:2099:4:2099:Infinity":764,"s:2101:2:2101:Infinity":765,"f:2104:9:2104:39":149,"s:2105:17:2105:Infinity":766,"b:2106:2:2126:Infinity:undefined:undefined:undefined:undefined":279,"s:2106:2:2126:Infinity":767,"s:2107:22:2107:Infinity":768,"s:2108:26:2108:Infinity":769,"s:2109:4:2125:Infinity":770,"b:2110:40:2110:45:2110:45:2114:Infinity":280,"b:2115:82:2115:87:2115:87:2119:Infinity":281,"b:2115:9:2115:40:2115:40:2115:82":282,"b:2120:41:2120:46:2120:46:2124:Infinity":283,"b:2127:2:2140:Infinity:undefined:undefined:undefined:undefined":284,"s:2127:2:2140:Infinity":771,"s:2128:4:2139:Infinity":772,"b:2129:44:2129:49:2129:49:2133:Infinity":285,"b:2134:36:2134:41:2134:41:2138:Infinity":286,"b:2141:2:2147:Infinity:undefined:undefined:undefined:undefined":287,"s:2141:2:2147:Infinity":773,"b:2141:6:2141:48:2141:48:2141:82":288,"s:2142:4:2146:Infinity":774,"s:2148:2:2148:Infinity":775,"f:2151:9:2151:26":150,"s:2152:17:2152:Infinity":776,"s:2153:18:2153:Infinity":777,"b:2154:2:2154:Infinity:undefined:undefined:undefined:undefined":289,"s:2154:2:2154:Infinity":778,"s:2154:29:2154:Infinity":779,"s:2156:18:2156:Infinity":780,"s:2157:21:2157:Infinity":781,"s:2158:25:2158:Infinity":782,"b:2158:25:2158:39:2158:39:2158:Infinity":290,"s:2159:22:2159:Infinity":783,"b:2159:22:2159:61:2159:61:2159:Infinity":291,"s:2160:17:2168:Infinity":784,"b:2169:2:2169:Infinity:undefined:undefined:undefined:undefined":292,"s:2169:2:2169:Infinity":785,"b:2169:6:2169:38:2169:38:2169:64":293,"s:2169:64:2169:Infinity":786,"b:2170:2:2178:Infinity:undefined:undefined:undefined:undefined":294,"s:2170:2:2178:Infinity":787,"s:2171:4:2177:Infinity":788,"s:2180:18:2180:Infinity":789,"b:2180:50:2180:68:2180:68:2180:Infinity":295,"s:2181:21:2181:Infinity":790,"b:2183:2:2189:Infinity:undefined:undefined:undefined:undefined":296,"s:2183:2:2189:Infinity":791,"b:2183:6:2183:43:2183:43:2183:94":297,"s:2184:4:2188:Infinity":792,"b:2190:2:2195:Infinity:undefined:undefined:undefined:undefined":298,"s:2190:2:2195:Infinity":793,"s:2191:4:2194:Infinity":794,"b:2196:2:2202:Infinity:undefined:undefined:undefined:undefined":299,"s:2196:2:2202:Infinity":795,"s:2197:4:2201:Infinity":796,"b:2199:14:2199:29:2199:29:2199:Infinity":300,"b:2203:2:2209:Infinity:undefined:undefined:undefined:undefined":301,"s:2203:2:2209:Infinity":797,"s:2204:4:2208:Infinity":798,"b:2206:14:2206:29:2206:29:2206:Infinity":302,"s:2211:20:2211:Infinity":799,"b:2211:53:2211:68:2211:68:2211:82":303,"s:2212:2:2212:Infinity":800,"b:2213:2:2213:Infinity:undefined:undefined:undefined:undefined":304,"s:2213:2:2213:Infinity":801,"b:2213:6:2213:35:2213:35:2213:60:2213:60:2213:88:2213:88:2213:107":305,"s:2213:107:2213:Infinity":802,"s:2215:2:2226:Infinity":803,"b:2217:33:2217:38:2217:38:2217:Infinity":306,"b:2218:36:2218:41:2218:41:2218:Infinity":307,"f:2229:9:2229:Infinity":151,"s:2233:33:2233:Infinity":804,"s:2234:17:2234:Infinity":805,"b:2235:2:2242:Infinity:undefined:undefined:undefined:undefined":308,"s:2235:2:2242:Infinity":806,"b:2235:6:2235:29:2235:29:2235:51":309,"s:2236:4:2240:Infinity":807,"s:2241:4:2241:Infinity":808,"b:2243:2:2243:Infinity:undefined:undefined:undefined:undefined":310,"s:2243:2:2243:Infinity":809,"s:2243:28:2243:Infinity":810,"s:2244:62:2244:Infinity":811,"s:2245:2:2269:Infinity":812,"s:2246:17:2246:Infinity":813,"b:2247:4:2247:Infinity:undefined:undefined:undefined:undefined":311,"s:2247:4:2247:Infinity":814,"s:2247:28:2247:Infinity":815,"b:2248:4:2255:Infinity:undefined:undefined:undefined:undefined":312,"s:2248:4:2255:Infinity":816,"s:2249:6:2253:Infinity":817,"s:2254:6:2254:Infinity":818,"s:2256:30:2256:Infinity":819,"s:2257:4:2267:Infinity":820,"b:2258:6:2265:Infinity:undefined:undefined:undefined:undefined":313,"s:2258:6:2265:Infinity":821,"b:2258:10:2258:38:2258:38:2258:57":314,"s:2259:8:2263:Infinity":822,"s:2264:8:2264:Infinity":823,"s:2266:6:2266:Infinity":824,"b:2268:4:2268:Infinity:undefined:undefined:undefined:undefined":315,"s:2268:4:2268:Infinity":825,"s:2268:28:2268:Infinity":826,"s:2270:2:2270:Infinity":827,"f:2273:9:2273:Infinity":152,"s:2278:33:2278:Infinity":828,"s:2279:20:2279:Infinity":829,"s:2280:20:2280:Infinity":830,"s:2281:31:2281:Infinity":831,"f:2281:55:2281:59":153,"s:2281:67:2281:82":832,"s:2283:2:2330:Infinity":833,"s:2284:25:2285:Infinity":834,"f:2284:41:2284:46":154,"s:2285:6:2285:94":835,"b:2285:6:2285:52:2285:52:2285:94":316,"s:2286:23:2286:Infinity":836,"b:2286:23:2286:51:2286:51:2286:Infinity":317,"b:2287:4:2293:Infinity:undefined:undefined:undefined:undefined":318,"s:2287:4:2293:Infinity":837,"b:2287:8:2287:47:2287:47:2287:77:2287:77:2287:122":319,"s:2288:6:2292:Infinity":838,"s:2294:24:2294:Infinity":839,"b:2295:4:2305:Infinity:2303:11:2305:Infinity":320,"s:2295:4:2305:Infinity":840,"s:2296:23:2296:Infinity":841,"s:2297:6:2302:Infinity":842,"s:2304:6:2304:Infinity":843,"s:2307:4:2329:Infinity":844,"s:2308:21:2308:Infinity":845,"b:2309:6:2309:Infinity:undefined:undefined:undefined:undefined":321,"s:2309:6:2309:Infinity":846,"s:2309:32:2309:Infinity":847,"s:2310:6:2328:Infinity":848,"b:2311:8:2317:Infinity:undefined:undefined:undefined:undefined":322,"s:2311:8:2317:Infinity":849,"b:2311:12:2311:46:2311:46:2311:87":323,"s:2312:10:2316:Infinity":850,"s:2318:28:2318:Infinity":851,"b:2319:8:2327:Infinity:2325:15:2327:Infinity":324,"s:2319:8:2327:Infinity":852,"s:2320:10:2324:Infinity":853,"s:2326:10:2326:Infinity":854,"s:2332:2:2332:Infinity":855,"f:2335:9:2335:Infinity":155,"b:2341:2:2341:Infinity:undefined:undefined:undefined:undefined":325,"s:2341:2:2341:Infinity":856,"s:2341:28:2341:Infinity":857,"s:2342:22:2342:Infinity":858,"s:2343:2:2348:Infinity":859,"f:2344:5:2344:12":156,"s:2344:19:2344:40":860,"f:2345:5:2345:9":157,"s:2345:16:2348:6":861,"f:2351:9:2351:23":158,"s:2352:2:2352:Infinity":862,"f:2355:9:2355:26":159,"s:2356:2:2356:Infinity":863,"b:2356:33:2356:52:2356:52:2356:Infinity":326,"f:2359:9:2359:34":160,"s:2360:2:2366:Infinity":864,"f:2362:35:2362:39":161,"s:2362:53:2365:6":865,"f:2369:9:2369:25":162,"s:2370:2:2375:Infinity":866,"b:2372:12:2372:33:2372:33:2372:Infinity":327,"f:2378:9:2378:25":163,"b:2384:2:2384:Infinity:undefined:undefined:undefined:undefined":328,"s:2384:2:2384:Infinity":867,"s:2384:34:2384:Infinity":868,"s:2385:2:2390:Infinity":869,"f:2393:9:2393:15":164,"s:2399:2:2404:Infinity":870,"b:2401:36:2401:41:2401:41:2401:Infinity":329,"b:2403:37:2403:42:2403:42:2403:Infinity":330,"f:2407:9:2407:30":165,"b:2408:2:2408:Infinity:undefined:undefined:undefined:undefined":331,"s:2408:2:2408:Infinity":871,"s:2408:33:2408:Infinity":872,"b:2409:2:2409:Infinity:undefined:undefined:undefined:undefined":332,"s:2409:2:2409:Infinity":873,"s:2409:28:2409:Infinity":874,"f:2409:41:2409:45":166,"s:2409:53:2409:79":875,"b:2410:2:2410:Infinity:undefined:undefined:undefined:undefined":333,"s:2410:2:2410:Infinity":876,"s:2410:24:2410:Infinity":877,"s:2411:2:2414:Infinity":878,"f:2411:50:2411:55":167,"s:2411:71:2414:3":879,"b:2413:35:2413:46:2413:46:2413:Infinity":334,"f:2417:9:2417:22":168,"s:2418:15:2418:Infinity":880,"s:2419:33:2419:Infinity":881,"s:2420:2:2425:Infinity":882,"s:2421:16:2421:Infinity":883,"b:2421:40:2421:58:2421:58:2421:61":335,"b:2422:4:2422:Infinity:undefined:undefined:undefined:undefined":336,"s:2422:4:2422:Infinity":884,"s:2422:23:2422:Infinity":885,"s:2423:4:2423:Infinity":886,"s:2424:4:2424:Infinity":887,"s:2426:2:2429:Infinity":888,"f:2426:16:2426:22":169,"s:2426:28:2428:Infinity":889,"b:2427:29:2427:44:2427:44:2427:50":337,"b:2428:46:2428:62:2428:62:2428:68":338,"f:2432:9:2432:22":170,"s:2440:17:2440:Infinity":890,"b:2440:45:2440:49:2440:49:2440:Infinity":339,"b:2441:2:2441:Infinity:undefined:undefined:undefined:undefined":340,"s:2441:2:2441:Infinity":891,"s:2441:18:2441:Infinity":892,"b:2442:2:2442:Infinity:undefined:undefined:undefined:undefined":341,"s:2442:2:2442:Infinity":893,"s:2442:20:2442:Infinity":894,"s:2443:2:2447:Infinity":895,"f:2450:9:2450:22":171,"s:2451:17:2454:Infinity":896,"s:2455:18:2455:Infinity":897,"b:2456:2:2456:Infinity:undefined:undefined:undefined:undefined":342,"s:2456:2:2456:Infinity":898,"s:2456:12:2456:Infinity":899,"s:2457:2:2461:Infinity":900,"f:2464:9:2464:21":172,"s:2465:17:2465:Infinity":901,"b:2465:46:2465:51:2465:51:2465:Infinity":343,"s:2466:2:2466:Infinity":902,"f:2469:9:2469:28":173,"s:2470:33:2470:Infinity":903,"s:2471:2:2500:Infinity":904,"f:2471:20:2471:28":174,"b:2472:4:2478:Infinity:undefined:undefined:undefined:undefined":344,"s:2472:4:2478:Infinity":905,"b:2472:8:2472:33:2472:33:2472:48":345,"s:2473:6:2477:Infinity":906,"b:2479:4:2485:Infinity:undefined:undefined:undefined:undefined":346,"s:2479:4:2485:Infinity":907,"b:2479:8:2479:32:2479:32:2479:60:2479:60:2479:80":347,"s:2480:6:2484:Infinity":908,"b:2486:4:2492:Infinity:undefined:undefined:undefined:undefined":348,"s:2486:4:2492:Infinity":909,"b:2486:9:2486:36:2486:36:2486:64:2486:64:2486:79":349,"s:2487:6:2491:Infinity":910,"b:2493:4:2499:Infinity:undefined:undefined:undefined:undefined":350,"s:2493:4:2499:Infinity":911,"b:2493:9:2493:33:2493:33:2493:57:2493:57:2493:90:2493:90:2493:105":351,"s:2494:6:2498:Infinity":912,"s:2501:2:2501:Infinity":913,"f:2504:9:2504:27":175,"b:2505:2:2508:Infinity:undefined:undefined:undefined:undefined":352,"s:2505:2:2508:Infinity":914,"s:2506:4:2506:Infinity":915,"s:2506:30:2506:Infinity":916,"s:2507:4:2507:Infinity":917,"b:2509:2:2509:Infinity:undefined:undefined:undefined:undefined":353,"s:2509:2:2509:Infinity":918,"s:2509:24:2509:Infinity":919,"s:2510:2:2513:Infinity":920,"s:2511:4:2511:Infinity":921,"s:2512:4:2512:Infinity":922,"f:2516:9:2516:32":176,"b:2517:2:2517:Infinity:undefined:undefined:undefined:undefined":354,"s:2517:2:2517:Infinity":923,"s:2517:33:2517:Infinity":924,"b:2518:2:2518:Infinity:undefined:undefined:undefined:undefined":355,"s:2518:2:2518:Infinity":925,"s:2518:28:2518:Infinity":926,"f:2518:41:2518:46":177,"s:2518:54:2518:82":927,"b:2519:2:2519:Infinity:undefined:undefined:undefined:undefined":356,"s:2519:2:2519:Infinity":928,"s:2519:24:2519:Infinity":929,"s:2520:2:2520:Infinity":930,"f:2520:31:2520:37":178,"s:2520:53:2520:92":931,"f:2523:9:2523:38":179,"b:2524:2:2524:Infinity:undefined:undefined:undefined:undefined":357,"s:2524:2:2524:Infinity":932,"s:2524:29:2524:Infinity":933,"b:2525:2:2529:Infinity:undefined:undefined:undefined:undefined":358,"s:2525:2:2529:Infinity":934,"b:2526:4:2526:Infinity:undefined:undefined:undefined:undefined":359,"s:2526:4:2526:Infinity":935,"s:2526:35:2526:Infinity":936,"b:2527:4:2527:Infinity:undefined:undefined:undefined:undefined":360,"s:2527:4:2527:Infinity":937,"s:2527:30:2527:Infinity":938,"b:2528:4:2528:Infinity:undefined:undefined:undefined:undefined":361,"s:2528:4:2528:Infinity":939,"s:2528:25:2528:Infinity":940,"s:2530:2:2530:Infinity":941,"f:2533:9:2533:26":180,"s:2534:2:2536:Infinity":942,"b:2534:10:2534:19:2534:19:2534:Infinity":362,"f:2539:9:2539:23":181,"s:2540:8:2540:Infinity":943,"s:2541:2:2546:Infinity":944,"b:2541:44:2541:57:2541:57:2541:59":363,"b:2542:4:2542:Infinity:undefined:undefined:undefined:undefined":364,"s:2542:4:2542:Infinity":945,"s:2542:29:2542:Infinity":946,"b:2543:4:2543:Infinity:undefined:undefined:undefined:undefined":365,"s:2543:4:2543:Infinity":947,"s:2543:38:2543:Infinity":948,"b:2544:4:2544:Infinity:undefined:undefined:undefined:undefined":366,"s:2544:4:2544:Infinity":949,"b:2544:8:2544:34:2544:34:2544:56:2544:56:2544:90":367,"s:2544:90:2544:Infinity":950,"s:2545:4:2545:Infinity":951,"s:2547:2:2547:Infinity":952,"f:2550:9:2550:22":182,"s:2551:2:2551:Infinity":953,"b:2551:51:2551:67:2551:67:2551:80":368,"f:2554:9:2554:27":183,"s:2555:2:2555:Infinity":954,"b:2555:27:2555:35:2555:35:2555:Infinity":369,"f:2558:9:2558:24":184,"s:2559:2:2559:Infinity":955,"b:2559:57:2559:65:2559:65:2559:Infinity":370,"b:2559:9:2559:38:2559:38:2559:57":371,"f:2562:9:2562:24":185,"b:2563:2:2563:Infinity:undefined:undefined:undefined:undefined":372,"s:2563:2:2563:Infinity":956,"s:2563:24:2563:Infinity":957,"s:2564:2:2564:Infinity":958,"f:2567:9:2567:24":186,"b:2568:2:2568:Infinity:undefined:undefined:undefined:undefined":373,"s:2568:2:2568:Infinity":959,"b:2568:6:2568:35:2568:35:2568:55":374,"s:2568:55:2568:Infinity":960,"s:2569:2:2569:Infinity":961,"f:2572:9:2572:24":187,"b:2573:2:2573:Infinity:undefined:undefined:undefined:undefined":375,"s:2573:2:2573:Infinity":962,"s:2573:22:2573:Infinity":963,"b:2574:2:2574:Infinity:undefined:undefined:undefined:undefined":376,"s:2574:2:2574:Infinity":964,"b:2574:6:2574:35:2574:35:2574:53":377,"s:2574:53:2574:Infinity":965,"s:2575:2:2575:Infinity":966,"f:2578:9:2578:35":188,"b:2579:2:2581:Infinity:undefined:undefined:undefined:undefined":378,"s:2579:2:2581:Infinity":967,"b:2579:6:2579:31:2579:31:2579:51":379,"s:2580:4:2580:Infinity":968,"s:2582:28:2582:Infinity":969,"s:2583:2:2588:Infinity":970,"b:2584:4:2586:Infinity:undefined:undefined:undefined:undefined":380,"s:2584:4:2586:Infinity":971,"b:2584:8:2584:36:2584:36:2584:55":381,"s:2585:6:2585:Infinity":972,"s:2587:4:2587:Infinity":973,"b:2589:2:2589:Infinity:undefined:undefined:undefined:undefined":382,"s:2589:2:2589:Infinity":974,"s:2589:48:2589:Infinity":975,"s:2590:2:2590:Infinity":976,"f:2593:9:2593:35":189,"b:2594:2:2594:Infinity:undefined:undefined:undefined:undefined":383,"s:2594:2:2594:Infinity":977,"s:2594:27:2594:Infinity":978,"s:2595:2:2595:Infinity":979,"f:2598:9:2598:22":190,"b:2599:2:2599:Infinity:undefined:undefined:undefined:undefined":384,"s:2599:2:2599:Infinity":980,"s:2599:34:2599:Infinity":981,"s:2600:2:2600:Infinity":982,"f:2603:9:2603:20":191,"b:2604:2:2606:Infinity:undefined:undefined:undefined:undefined":385,"s:2604:2:2606:Infinity":983,"b:2604:6:2604:35:2604:35:2604:62:2604:62:2604:75:2604:75:2604:88":386,"s:2605:4:2605:Infinity":984,"s:2607:2:2607:Infinity":985,"f:2610:9:2610:32":192,"b:2611:2:2613:Infinity:undefined:undefined:undefined:undefined":387,"s:2611:2:2613:Infinity":986,"b:2611:6:2611:35:2611:35:2611:62:2611:62:2611:73":388,"s:2612:4:2612:Infinity":987,"s:2614:2:2614:Infinity":988,"f:2617:9:2617:37":193,"b:2618:2:2620:Infinity:undefined:undefined:undefined:undefined":389,"s:2618:2:2620:Infinity":989,"b:2618:6:2618:35:2618:35:2618:67:2618:67:2618:78":390,"s:2619:4:2619:Infinity":990,"s:2621:2:2621:Infinity":991,"f:2624:9:2624:34":194,"b:2625:2:2627:Infinity:undefined:undefined:undefined:undefined":391,"s:2625:2:2627:Infinity":992,"b:2625:6:2625:35:2625:35:2625:67:2625:67:2625:78":392,"s:2626:4:2626:Infinity":993,"s:2628:2:2628:Infinity":994,"f:2631:9:2631:18":195,"s:2632:2:2632:Infinity":995,"b:2632:9:2632:38:2632:38:2632:56:2632:56:2632:Infinity":393},"fnNames":{}}}
,"/Users/bytedance/opencode/agent/dsh/packages/curated/curated-scripts/src/invariant.ts": {"path":"/Users/bytedance/opencode/agent/dsh/packages/curated/curated-scripts/src/invariant.ts","statementMap":{"0":{"start":{"line":9,"column":21},"end":{"line":9,"column":null}},"1":{"start":{"line":12,"column":20},"end":{"line":12,"column":null}},"2":{"start":{"line":14,"column":22},"end":{"line":14,"column":null}},"3":{"start":{"line":18,"column":6},"end":{"line":18,"column":null}},"4":{"start":{"line":25,"column":13},"end":{"line":26,"column":null}},"5":{"start":{"line":26,"column":2},"end":{"line":26,"column":null}}},"fnMap":{"0":{"name":"(anonymous_0)","decl":{"start":{"line":18,"column":6},"end":{"line":18,"column":42}},"loc":{"start":{"line":18,"column":42},"end":{"line":18,"column":null}},"line":18},"1":{"name":"(anonymous_1)","decl":{"start":{"line":25,"column":13},"end":{"line":25,"column":22}},"loc":{"start":{"line":26,"column":2},"end":{"line":26,"column":null}},"line":26}},"branchMap":{},"s":{"0":3,"1":3,"2":3,"3":3,"4":3,"5":3},"f":{"0":3,"1":3},"b":{},"meta":{"lastBranch":0,"lastFunction":2,"lastStatement":6,"seen":{"s:9:21:9:Infinity":0,"s:12:20:12:Infinity":1,"s:14:22:14:Infinity":2,"s:18:6:18:Infinity":3,"f:18:6:18:42":0,"s:25:13:26:Infinity":4,"f:25:13:25:22":1,"s:26:2:26:Infinity":5},"fnNames":{}}}
}
